{"D:\\EnglishApp-Backend\\controllers\\auth\\auth.controller.js": {"path":"D:\\EnglishApp-Backend\\controllers\\auth\\auth.controller.js","statementMap":{"0":{"start":{"line":1,"column":13},"end":{"line":1,"column":52}},"1":{"start":{"line":2,"column":15},"end":{"line":2,"column":32}},"2":{"start":{"line":3,"column":12},"end":{"line":3,"column":35}},"3":{"start":{"line":8,"column":0},"end":{"line":74,"column":2}},"4":{"start":{"line":9,"column":2},"end":{"line":73,"column":3}},"5":{"start":{"line":10,"column":52},"end":{"line":10,"column":60}},"6":{"start":{"line":13,"column":4},"end":{"line":15,"column":5}},"7":{"start":{"line":14,"column":6},"end":{"line":14,"column":76}},"8":{"start":{"line":18,"column":29},"end":{"line":18,"column":61}},"9":{"start":{"line":19,"column":4},"end":{"line":21,"column":5}},"10":{"start":{"line":20,"column":6},"end":{"line":20,"column":75}},"11":{"start":{"line":24,"column":26},"end":{"line":24,"column":55}},"12":{"start":{"line":25,"column":4},"end":{"line":27,"column":5}},"13":{"start":{"line":26,"column":6},"end":{"line":26,"column":72}},"14":{"start":{"line":30,"column":17},"end":{"line":30,"column":41}},"15":{"start":{"line":31,"column":27},"end":{"line":31,"column":60}},"16":{"start":{"line":34,"column":20},"end":{"line":44,"column":6}},"17":{"start":{"line":46,"column":4},"end":{"line":46,"column":25}},"18":{"start":{"line":49,"column":18},"end":{"line":53,"column":5}},"19":{"start":{"line":56,"column":25},"end":{"line":67,"column":5}},"20":{"start":{"line":69,"column":4},"end":{"line":69,"column":39}},"21":{"start":{"line":71,"column":4},"end":{"line":71,"column":55}},"22":{"start":{"line":72,"column":4},"end":{"line":72,"column":77}},"23":{"start":{"line":79,"column":0},"end":{"line":133,"column":2}},"24":{"start":{"line":80,"column":2},"end":{"line":132,"column":3}},"25":{"start":{"line":81,"column":35},"end":{"line":81,"column":43}},"26":{"start":{"line":84,"column":4},"end":{"line":86,"column":5}},"27":{"start":{"line":85,"column":6},"end":{"line":85,"column":76}},"28":{"start":{"line":89,"column":17},"end":{"line":91,"column":6}},"29":{"start":{"line":93,"column":4},"end":{"line":95,"column":5}},"30":{"start":{"line":94,"column":6},"end":{"line":94,"column":94}},"31":{"start":{"line":98,"column":28},"end":{"line":98,"column":73}},"32":{"start":{"line":99,"column":4},"end":{"line":101,"column":5}},"33":{"start":{"line":100,"column":6},"end":{"line":100,"column":94}},"34":{"start":{"line":104,"column":4},"end":{"line":104,"column":33}},"35":{"start":{"line":105,"column":4},"end":{"line":105,"column":22}},"36":{"start":{"line":108,"column":18},"end":{"line":112,"column":5}},"37":{"start":{"line":115,"column":25},"end":{"line":126,"column":5}},"38":{"start":{"line":128,"column":4},"end":{"line":128,"column":39}},"39":{"start":{"line":130,"column":4},"end":{"line":130,"column":47}},"40":{"start":{"line":131,"column":4},"end":{"line":131,"column":69}},"41":{"start":{"line":138,"column":0},"end":{"line":174,"column":2}},"42":{"start":{"line":139,"column":2},"end":{"line":173,"column":3}},"43":{"start":{"line":140,"column":19},"end":{"line":140,"column":30}},"44":{"start":{"line":142,"column":17},"end":{"line":142,"column":44}},"45":{"start":{"line":143,"column":4},"end":{"line":145,"column":5}},"46":{"start":{"line":144,"column":6},"end":{"line":144,"column":76}},"47":{"start":{"line":148,"column":4},"end":{"line":148,"column":33}},"48":{"start":{"line":149,"column":4},"end":{"line":149,"column":22}},"49":{"start":{"line":152,"column":25},"end":{"line":167,"column":5}},"50":{"start":{"line":161,"column":45},"end":{"line":166,"column":7}},"51":{"start":{"line":169,"column":4},"end":{"line":169,"column":39}},"52":{"start":{"line":171,"column":4},"end":{"line":171,"column":62}},"53":{"start":{"line":172,"column":4},"end":{"line":172,"column":84}}},"fnMap":{"0":{"name":"(anonymous_0)","decl":{"start":{"line":8,"column":26},"end":{"line":8,"column":27}},"loc":{"start":{"line":8,"column":46},"end":{"line":74,"column":1}},"line":8},"1":{"name":"(anonymous_1)","decl":{"start":{"line":79,"column":23},"end":{"line":79,"column":24}},"loc":{"start":{"line":79,"column":43},"end":{"line":133,"column":1}},"line":79},"2":{"name":"(anonymous_2)","decl":{"start":{"line":138,"column":32},"end":{"line":138,"column":33}},"loc":{"start":{"line":138,"column":52},"end":{"line":174,"column":1}},"line":138},"3":{"name":"(anonymous_3)","decl":{"start":{"line":161,"column":36},"end":{"line":161,"column":37}},"loc":{"start":{"line":161,"column":45},"end":{"line":166,"column":7}},"line":161}},"branchMap":{"0":{"loc":{"start":{"line":13,"column":4},"end":{"line":15,"column":5}},"type":"if","locations":[{"start":{"line":13,"column":4},"end":{"line":15,"column":5}},{"start":{},"end":{}}],"line":13},"1":{"loc":{"start":{"line":13,"column":8},"end":{"line":13,"column":40}},"type":"binary-expr","locations":[{"start":{"line":13,"column":8},"end":{"line":13,"column":17}},{"start":{"line":13,"column":21},"end":{"line":13,"column":27}},{"start":{"line":13,"column":31},"end":{"line":13,"column":40}}],"line":13},"2":{"loc":{"start":{"line":19,"column":4},"end":{"line":21,"column":5}},"type":"if","locations":[{"start":{"line":19,"column":4},"end":{"line":21,"column":5}},{"start":{},"end":{}}],"line":19},"3":{"loc":{"start":{"line":25,"column":4},"end":{"line":27,"column":5}},"type":"if","locations":[{"start":{"line":25,"column":4},"end":{"line":27,"column":5}},{"start":{},"end":{}}],"line":25},"4":{"loc":{"start":{"line":38,"column":16},"end":{"line":38,"column":36}},"type":"binary-expr","locations":[{"start":{"line":38,"column":16},"end":{"line":38,"column":24}},{"start":{"line":38,"column":28},"end":{"line":38,"column":36}}],"line":38},"5":{"loc":{"start":{"line":84,"column":4},"end":{"line":86,"column":5}},"type":"if","locations":[{"start":{"line":84,"column":4},"end":{"line":86,"column":5}},{"start":{},"end":{}}],"line":84},"6":{"loc":{"start":{"line":84,"column":8},"end":{"line":84,"column":30}},"type":"binary-expr","locations":[{"start":{"line":84,"column":8},"end":{"line":84,"column":17}},{"start":{"line":84,"column":21},"end":{"line":84,"column":30}}],"line":84},"7":{"loc":{"start":{"line":93,"column":4},"end":{"line":95,"column":5}},"type":"if","locations":[{"start":{"line":93,"column":4},"end":{"line":95,"column":5}},{"start":{},"end":{}}],"line":93},"8":{"loc":{"start":{"line":99,"column":4},"end":{"line":101,"column":5}},"type":"if","locations":[{"start":{"line":99,"column":4},"end":{"line":101,"column":5}},{"start":{},"end":{}}],"line":99},"9":{"loc":{"start":{"line":143,"column":4},"end":{"line":145,"column":5}},"type":"if","locations":[{"start":{"line":143,"column":4},"end":{"line":145,"column":5}},{"start":{},"end":{}}],"line":143}},"s":{"0":1,"1":1,"2":1,"3":1,"4":2,"5":2,"6":2,"7":0,"8":2,"9":2,"10":1,"11":1,"12":1,"13":0,"14":1,"15":1,"16":1,"17":1,"18":1,"19":1,"20":1,"21":0,"22":0,"23":1,"24":2,"25":2,"26":2,"27":0,"28":2,"29":2,"30":0,"31":2,"32":2,"33":1,"34":1,"35":1,"36":1,"37":1,"38":1,"39":0,"40":0,"41":1,"42":0,"43":0,"44":0,"45":0,"46":0,"47":0,"48":0,"49":0,"50":0,"51":0,"52":0,"53":0},"f":{"0":2,"1":2,"2":0,"3":0},"b":{"0":[0,2],"1":[2,2,2],"2":[1,1],"3":[0,1],"4":[1,0],"5":[0,2],"6":[2,2],"7":[0,2],"8":[1,1],"9":[0,0]},"_coverageSchema":"1a1c01bbd47fc00a2c39e90264f33305004495a9","hash":"fc6b7ed323202d481d4ffa7ea75e82e529a0bdf4"}
,"D:\\EnglishApp-Backend\\controllers\\exercise\\exercise.controller.js": {"path":"D:\\EnglishApp-Backend\\controllers\\exercise\\exercise.controller.js","statementMap":{"0":{"start":{"line":1,"column":17},"end":{"line":1,"column":36}},"1":{"start":{"line":2,"column":17},"end":{"line":2,"column":64}},"2":{"start":{"line":3,"column":23},"end":{"line":3,"column":77}},"3":{"start":{"line":29,"column":0},"end":{"line":149,"column":2}},"4":{"start":{"line":30,"column":2},"end":{"line":148,"column":3}},"5":{"start":{"line":31,"column":25},"end":{"line":31,"column":35}},"6":{"start":{"line":32,"column":4},"end":{"line":32,"column":49}},"7":{"start":{"line":35,"column":22},"end":{"line":35,"column":74}},"8":{"start":{"line":39,"column":21},"end":{"line":142,"column":7}},"9":{"start":{"line":40,"column":29},"end":{"line":40,"column":48}},"10":{"start":{"line":41,"column":6},"end":{"line":41,"column":56}},"11":{"start":{"line":42,"column":6},"end":{"line":42,"column":32}},"12":{"start":{"line":45,"column":6},"end":{"line":49,"column":9}},"13":{"start":{"line":46,"column":8},"end":{"line":48,"column":9}},"14":{"start":{"line":47,"column":10},"end":{"line":47,"column":37}},"15":{"start":{"line":52,"column":6},"end":{"line":141,"column":7}},"16":{"start":{"line":54,"column":24},"end":{"line":54,"column":84}},"17":{"start":{"line":57,"column":33},"end":{"line":70,"column":10}},"18":{"start":{"line":58,"column":31},"end":{"line":58,"column":48}},"19":{"start":{"line":59,"column":10},"end":{"line":59,"column":56}},"20":{"start":{"line":60,"column":10},"end":{"line":60,"column":34}},"21":{"start":{"line":63,"column":10},"end":{"line":67,"column":13}},"22":{"start":{"line":64,"column":12},"end":{"line":66,"column":13}},"23":{"start":{"line":65,"column":14},"end":{"line":65,"column":39}},"24":{"start":{"line":69,"column":10},"end":{"line":69,"column":30}},"25":{"start":{"line":73,"column":21},"end":{"line":77,"column":9}},"26":{"start":{"line":79,"column":8},"end":{"line":82,"column":10}},"27":{"start":{"line":84,"column":11},"end":{"line":141,"column":7}},"28":{"start":{"line":86,"column":24},"end":{"line":86,"column":84}},"29":{"start":{"line":88,"column":8},"end":{"line":110,"column":9}},"30":{"start":{"line":90,"column":25},"end":{"line":90,"column":46}},"31":{"start":{"line":93,"column":10},"end":{"line":100,"column":12}},"32":{"start":{"line":102,"column":10},"end":{"line":109,"column":12}},"33":{"start":{"line":114,"column":24},"end":{"line":114,"column":84}},"34":{"start":{"line":117,"column":30},"end":{"line":117,"column":77}},"35":{"start":{"line":117,"column":53},"end":{"line":117,"column":76}},"36":{"start":{"line":119,"column":21},"end":{"line":135,"column":9}},"37":{"start":{"line":121,"column":33},"end":{"line":121,"column":50}},"38":{"start":{"line":122,"column":12},"end":{"line":122,"column":58}},"39":{"start":{"line":123,"column":12},"end":{"line":123,"column":36}},"40":{"start":{"line":126,"column":12},"end":{"line":130,"column":15}},"41":{"start":{"line":127,"column":14},"end":{"line":129,"column":15}},"42":{"start":{"line":128,"column":16},"end":{"line":128,"column":41}},"43":{"start":{"line":132,"column":12},"end":{"line":132,"column":32}},"44":{"start":{"line":137,"column":8},"end":{"line":140,"column":10}},"45":{"start":{"line":144,"column":4},"end":{"line":144,"column":35}},"46":{"start":{"line":146,"column":4},"end":{"line":146,"column":61}},"47":{"start":{"line":147,"column":4},"end":{"line":147,"column":71}}},"fnMap":{"0":{"name":"(anonymous_0)","decl":{"start":{"line":29,"column":38},"end":{"line":29,"column":39}},"loc":{"start":{"line":29,"column":58},"end":{"line":149,"column":1}},"line":29},"1":{"name":"(anonymous_1)","decl":{"start":{"line":39,"column":53},"end":{"line":39,"column":54}},"loc":{"start":{"line":39,"column":73},"end":{"line":142,"column":5}},"line":39},"2":{"name":"(anonymous_2)","decl":{"start":{"line":45,"column":42},"end":{"line":45,"column":43}},"loc":{"start":{"line":45,"column":49},"end":{"line":49,"column":7}},"line":45},"3":{"name":"(anonymous_3)","decl":{"start":{"line":57,"column":45},"end":{"line":57,"column":46}},"loc":{"start":{"line":57,"column":55},"end":{"line":70,"column":9}},"line":57},"4":{"name":"(anonymous_4)","decl":{"start":{"line":63,"column":44},"end":{"line":63,"column":45}},"loc":{"start":{"line":63,"column":51},"end":{"line":67,"column":11}},"line":63},"5":{"name":"(anonymous_5)","decl":{"start":{"line":117,"column":43},"end":{"line":117,"column":44}},"loc":{"start":{"line":117,"column":53},"end":{"line":117,"column":76}},"line":117},"6":{"name":"(anonymous_6)","decl":{"start":{"line":120,"column":31},"end":{"line":120,"column":32}},"loc":{"start":{"line":120,"column":41},"end":{"line":133,"column":11}},"line":120},"7":{"name":"(anonymous_7)","decl":{"start":{"line":126,"column":46},"end":{"line":126,"column":47}},"loc":{"start":{"line":126,"column":53},"end":{"line":130,"column":13}},"line":126}},"branchMap":{"0":{"loc":{"start":{"line":46,"column":8},"end":{"line":48,"column":9}},"type":"if","locations":[{"start":{"line":46,"column":8},"end":{"line":48,"column":9}},{"start":{},"end":{}}],"line":46},"1":{"loc":{"start":{"line":52,"column":6},"end":{"line":141,"column":7}},"type":"if","locations":[{"start":{"line":52,"column":6},"end":{"line":141,"column":7}},{"start":{"line":84,"column":11},"end":{"line":141,"column":7}}],"line":52},"2":{"loc":{"start":{"line":64,"column":12},"end":{"line":66,"column":13}},"type":"if","locations":[{"start":{"line":64,"column":12},"end":{"line":66,"column":13}},{"start":{},"end":{}}],"line":64},"3":{"loc":{"start":{"line":84,"column":11},"end":{"line":141,"column":7}},"type":"if","locations":[{"start":{"line":84,"column":11},"end":{"line":141,"column":7}},{"start":{"line":112,"column":11},"end":{"line":141,"column":7}}],"line":84},"4":{"loc":{"start":{"line":88,"column":8},"end":{"line":110,"column":9}},"type":"if","locations":[{"start":{"line":88,"column":8},"end":{"line":110,"column":9}},{"start":{"line":101,"column":15},"end":{"line":110,"column":9}}],"line":88},"5":{"loc":{"start":{"line":96,"column":30},"end":{"line":96,"column":57}},"type":"binary-expr","locations":[{"start":{"line":96,"column":30},"end":{"line":96,"column":51}},{"start":{"line":96,"column":55},"end":{"line":96,"column":57}}],"line":96},"6":{"loc":{"start":{"line":97,"column":29},"end":{"line":97,"column":55}},"type":"binary-expr","locations":[{"start":{"line":97,"column":29},"end":{"line":97,"column":49}},{"start":{"line":97,"column":53},"end":{"line":97,"column":55}}],"line":97},"7":{"loc":{"start":{"line":127,"column":14},"end":{"line":129,"column":15}},"type":"if","locations":[{"start":{"line":127,"column":14},"end":{"line":129,"column":15}},{"start":{},"end":{}}],"line":127}},"s":{"0":1,"1":1,"2":1,"3":1,"4":2,"5":2,"6":2,"7":2,"8":2,"9":2,"10":2,"11":2,"12":2,"13":22,"14":4,"15":2,"16":0,"17":0,"18":0,"19":0,"20":0,"21":0,"22":0,"23":0,"24":0,"25":0,"26":0,"27":2,"28":1,"29":1,"30":1,"31":1,"32":0,"33":1,"34":1,"35":1,"36":1,"37":3,"38":3,"39":3,"40":3,"41":39,"42":15,"43":3,"44":1,"45":2,"46":0,"47":0},"f":{"0":2,"1":2,"2":22,"3":0,"4":0,"5":1,"6":3,"7":39},"b":{"0":[4,18],"1":[0,2],"2":[0,0],"3":[1,1],"4":[1,0],"5":[1,0],"6":[1,0],"7":[15,24]},"_coverageSchema":"1a1c01bbd47fc00a2c39e90264f33305004495a9","hash":"78dab6ff26b763b25037e014067c07540e4ea03e"}
,"D:\\EnglishApp-Backend\\controllers\\exercise\\user_exercise.controller.js": {"path":"D:\\EnglishApp-Backend\\controllers\\exercise\\user_exercise.controller.js","statementMap":{"0":{"start":{"line":1,"column":17},"end":{"line":1,"column":36}},"1":{"start":{"line":2,"column":27},"end":{"line":2,"column":82}},"2":{"start":{"line":3,"column":27},"end":{"line":3,"column":82}},"3":{"start":{"line":4,"column":20},"end":{"line":4,"column":67}},"4":{"start":{"line":5,"column":17},"end":{"line":5,"column":64}},"5":{"start":{"line":6,"column":23},"end":{"line":6,"column":77}},"6":{"start":{"line":7,"column":15},"end":{"line":7,"column":58}},"7":{"start":{"line":8,"column":13},"end":{"line":8,"column":52}},"8":{"start":{"line":9,"column":13},"end":{"line":9,"column":52}},"9":{"start":{"line":10,"column":30},"end":{"line":10,"column":78}},"10":{"start":{"line":15,"column":0},"end":{"line":149,"column":2}},"11":{"start":{"line":16,"column":2},"end":{"line":148,"column":3}},"12":{"start":{"line":26,"column":8},"end":{"line":26,"column":16}},"13":{"start":{"line":29,"column":4},"end":{"line":34,"column":5}},"14":{"start":{"line":30,"column":6},"end":{"line":33,"column":9}},"15":{"start":{"line":37,"column":4},"end":{"line":46,"column":5}},"16":{"start":{"line":38,"column":6},"end":{"line":45,"column":7}},"17":{"start":{"line":39,"column":8},"end":{"line":44,"column":9}},"18":{"start":{"line":40,"column":10},"end":{"line":43,"column":13}},"19":{"start":{"line":49,"column":17},"end":{"line":49,"column":44}},"20":{"start":{"line":51,"column":4},"end":{"line":56,"column":5}},"21":{"start":{"line":52,"column":6},"end":{"line":55,"column":9}},"22":{"start":{"line":59,"column":4},"end":{"line":59,"column":25}},"23":{"start":{"line":60,"column":4},"end":{"line":60,"column":64}},"24":{"start":{"line":61,"column":4},"end":{"line":61,"column":25}},"25":{"start":{"line":63,"column":4},"end":{"line":63,"column":22}},"26":{"start":{"line":66,"column":25},"end":{"line":66,"column":79}},"27":{"start":{"line":68,"column":4},"end":{"line":86,"column":5}},"28":{"start":{"line":70,"column":6},"end":{"line":79,"column":9}},"29":{"start":{"line":82,"column":6},"end":{"line":82,"column":37}},"30":{"start":{"line":83,"column":6},"end":{"line":83,"column":64}},"31":{"start":{"line":84,"column":6},"end":{"line":84,"column":43}},"32":{"start":{"line":85,"column":6},"end":{"line":85,"column":37}},"33":{"start":{"line":89,"column":4},"end":{"line":102,"column":5}},"34":{"start":{"line":91,"column":28},"end":{"line":93,"column":7}},"35":{"start":{"line":92,"column":13},"end":{"line":92,"column":49}},"36":{"start":{"line":95,"column":6},"end":{"line":100,"column":7}},"37":{"start":{"line":97,"column":8},"end":{"line":99,"column":11}},"38":{"start":{"line":105,"column":4},"end":{"line":105,"column":32}},"39":{"start":{"line":108,"column":26},"end":{"line":108,"column":28}},"40":{"start":{"line":109,"column":4},"end":{"line":125,"column":5}},"41":{"start":{"line":110,"column":6},"end":{"line":124,"column":7}},"42":{"start":{"line":111,"column":24},"end":{"line":117,"column":10}},"43":{"start":{"line":119,"column":8},"end":{"line":119,"column":29}},"44":{"start":{"line":120,"column":8},"end":{"line":120,"column":36}},"45":{"start":{"line":122,"column":8},"end":{"line":122,"column":86}},"46":{"start":{"line":127,"column":4},"end":{"line":139,"column":7}},"47":{"start":{"line":142,"column":4},"end":{"line":142,"column":57}},"48":{"start":{"line":143,"column":4},"end":{"line":147,"column":7}},"49":{"start":{"line":156,"column":0},"end":{"line":232,"column":2}},"50":{"start":{"line":157,"column":2},"end":{"line":231,"column":3}},"51":{"start":{"line":158,"column":23},"end":{"line":158,"column":33}},"52":{"start":{"line":159,"column":52},"end":{"line":159,"column":61}},"53":{"start":{"line":161,"column":18},"end":{"line":161,"column":28}},"54":{"start":{"line":163,"column":4},"end":{"line":163,"column":50}},"55":{"start":{"line":163,"column":20},"end":{"line":163,"column":50}},"56":{"start":{"line":164,"column":4},"end":{"line":164,"column":38}},"57":{"start":{"line":164,"column":16},"end":{"line":164,"column":38}},"58":{"start":{"line":165,"column":4},"end":{"line":165,"column":44}},"59":{"start":{"line":165,"column":18},"end":{"line":165,"column":44}},"60":{"start":{"line":168,"column":24},"end":{"line":169,"column":30}},"61":{"start":{"line":171,"column":4},"end":{"line":173,"column":5}},"62":{"start":{"line":172,"column":6},"end":{"line":172,"column":59}},"63":{"start":{"line":175,"column":24},"end":{"line":175,"column":50}},"64":{"start":{"line":178,"column":30},"end":{"line":178,"column":39}},"65":{"start":{"line":179,"column":27},"end":{"line":179,"column":29}},"66":{"start":{"line":181,"column":4},"end":{"line":186,"column":5}},"67":{"start":{"line":182,"column":6},"end":{"line":185,"column":7}},"68":{"start":{"line":183,"column":8},"end":{"line":183,"column":50}},"69":{"start":{"line":184,"column":8},"end":{"line":184,"column":37}},"70":{"start":{"line":189,"column":32},"end":{"line":214,"column":7}},"71":{"start":{"line":190,"column":25},"end":{"line":190,"column":43}},"72":{"start":{"line":191,"column":6},"end":{"line":191,"column":48}},"73":{"start":{"line":192,"column":6},"end":{"line":192,"column":28}},"74":{"start":{"line":195,"column":19},"end":{"line":195,"column":73}},"75":{"start":{"line":198,"column":21},"end":{"line":198,"column":79}},"76":{"start":{"line":201,"column":23},"end":{"line":201,"column":66}},"77":{"start":{"line":203,"column":6},"end":{"line":213,"column":8}},"78":{"start":{"line":217,"column":4},"end":{"line":225,"column":7}},"79":{"start":{"line":219,"column":6},"end":{"line":221,"column":7}},"80":{"start":{"line":220,"column":8},"end":{"line":220,"column":55}},"81":{"start":{"line":224,"column":6},"end":{"line":224,"column":57}},"82":{"start":{"line":227,"column":4},"end":{"line":227,"column":46}},"83":{"start":{"line":229,"column":4},"end":{"line":229,"column":59}},"84":{"start":{"line":230,"column":4},"end":{"line":230,"column":71}},"85":{"start":{"line":237,"column":0},"end":{"line":328,"column":2}},"86":{"start":{"line":238,"column":2},"end":{"line":327,"column":3}},"87":{"start":{"line":239,"column":26},"end":{"line":239,"column":36}},"88":{"start":{"line":241,"column":20},"end":{"line":241,"column":57}},"89":{"start":{"line":242,"column":4},"end":{"line":244,"column":5}},"90":{"start":{"line":243,"column":6},"end":{"line":243,"column":73}},"91":{"start":{"line":247,"column":21},"end":{"line":247,"column":64}},"92":{"start":{"line":248,"column":4},"end":{"line":250,"column":5}},"93":{"start":{"line":249,"column":6},"end":{"line":249,"column":73}},"94":{"start":{"line":257,"column":23},"end":{"line":257,"column":84}},"95":{"start":{"line":260,"column":17},"end":{"line":260,"column":71}},"96":{"start":{"line":263,"column":19},"end":{"line":263,"column":77}},"97":{"start":{"line":265,"column":23},"end":{"line":265,"column":41}},"98":{"start":{"line":266,"column":4},"end":{"line":266,"column":46}},"99":{"start":{"line":267,"column":4},"end":{"line":267,"column":26}},"100":{"start":{"line":270,"column":23},"end":{"line":270,"column":25}},"101":{"start":{"line":272,"column":4},"end":{"line":304,"column":5}},"102":{"start":{"line":274,"column":6},"end":{"line":283,"column":8}},"103":{"start":{"line":275,"column":43},"end":{"line":281,"column":9}},"104":{"start":{"line":285,"column":9},"end":{"line":304,"column":5}},"105":{"start":{"line":287,"column":21},"end":{"line":287,"column":65}},"106":{"start":{"line":288,"column":6},"end":{"line":291,"column":8}},"107":{"start":{"line":295,"column":6},"end":{"line":303,"column":8}},"108":{"start":{"line":296,"column":43},"end":{"line":302,"column":9}},"109":{"start":{"line":306,"column":4},"end":{"line":323,"column":7}},"110":{"start":{"line":325,"column":4},"end":{"line":325,"column":58}},"111":{"start":{"line":326,"column":4},"end":{"line":326,"column":71}}},"fnMap":{"0":{"name":"(anonymous_0)","decl":{"start":{"line":15,"column":35},"end":{"line":15,"column":36}},"loc":{"start":{"line":15,"column":55},"end":{"line":149,"column":1}},"line":15},"1":{"name":"(anonymous_1)","decl":{"start":{"line":92,"column":8},"end":{"line":92,"column":9}},"loc":{"start":{"line":92,"column":13},"end":{"line":92,"column":49}},"line":92},"2":{"name":"(anonymous_2)","decl":{"start":{"line":156,"column":33},"end":{"line":156,"column":34}},"loc":{"start":{"line":156,"column":53},"end":{"line":232,"column":1}},"line":156},"3":{"name":"(anonymous_3)","decl":{"start":{"line":189,"column":69},"end":{"line":189,"column":70}},"loc":{"start":{"line":189,"column":88},"end":{"line":214,"column":5}},"line":189},"4":{"name":"(anonymous_4)","decl":{"start":{"line":217,"column":29},"end":{"line":217,"column":30}},"loc":{"start":{"line":217,"column":39},"end":{"line":225,"column":5}},"line":217},"5":{"name":"(anonymous_5)","decl":{"start":{"line":237,"column":34},"end":{"line":237,"column":35}},"loc":{"start":{"line":237,"column":54},"end":{"line":328,"column":1}},"line":237},"6":{"name":"(anonymous_6)","decl":{"start":{"line":275,"column":32},"end":{"line":275,"column":33}},"loc":{"start":{"line":275,"column":43},"end":{"line":281,"column":9}},"line":275},"7":{"name":"(anonymous_7)","decl":{"start":{"line":296,"column":32},"end":{"line":296,"column":33}},"loc":{"start":{"line":296,"column":43},"end":{"line":302,"column":9}},"line":296}},"branchMap":{"0":{"loc":{"start":{"line":29,"column":4},"end":{"line":34,"column":5}},"type":"if","locations":[{"start":{"line":29,"column":4},"end":{"line":34,"column":5}},{"start":{},"end":{}}],"line":29},"1":{"loc":{"start":{"line":29,"column":8},"end":{"line":29,"column":81}},"type":"binary-expr","locations":[{"start":{"line":29,"column":8},"end":{"line":29,"column":15}},{"start":{"line":29,"column":18},"end":{"line":29,"column":25}},{"start":{"line":29,"column":29},"end":{"line":29,"column":38}},{"start":{"line":29,"column":42},"end":{"line":29,"column":52}},{"start":{"line":29,"column":56},"end":{"line":29,"column":81}}],"line":29},"2":{"loc":{"start":{"line":37,"column":4},"end":{"line":46,"column":5}},"type":"if","locations":[{"start":{"line":37,"column":4},"end":{"line":46,"column":5}},{"start":{},"end":{}}],"line":37},"3":{"loc":{"start":{"line":39,"column":8},"end":{"line":44,"column":9}},"type":"if","locations":[{"start":{"line":39,"column":8},"end":{"line":44,"column":9}},{"start":{},"end":{}}],"line":39},"4":{"loc":{"start":{"line":51,"column":4},"end":{"line":56,"column":5}},"type":"if","locations":[{"start":{"line":51,"column":4},"end":{"line":56,"column":5}},{"start":{},"end":{}}],"line":51},"5":{"loc":{"start":{"line":60,"column":23},"end":{"line":60,"column":43}},"type":"binary-expr","locations":[{"start":{"line":60,"column":23},"end":{"line":60,"column":38}},{"start":{"line":60,"column":42},"end":{"line":60,"column":43}}],"line":60},"6":{"loc":{"start":{"line":68,"column":4},"end":{"line":86,"column":5}},"type":"if","locations":[{"start":{"line":68,"column":4},"end":{"line":86,"column":5}},{"start":{"line":80,"column":11},"end":{"line":86,"column":5}}],"line":68},"7":{"loc":{"start":{"line":76,"column":27},"end":{"line":76,"column":48}},"type":"binary-expr","locations":[{"start":{"line":76,"column":27},"end":{"line":76,"column":43}},{"start":{"line":76,"column":47},"end":{"line":76,"column":48}}],"line":76},"8":{"loc":{"start":{"line":83,"column":41},"end":{"line":83,"column":62}},"type":"binary-expr","locations":[{"start":{"line":83,"column":41},"end":{"line":83,"column":57}},{"start":{"line":83,"column":61},"end":{"line":83,"column":62}}],"line":83},"9":{"loc":{"start":{"line":95,"column":6},"end":{"line":100,"column":7}},"type":"if","locations":[{"start":{"line":95,"column":6},"end":{"line":100,"column":7}},{"start":{},"end":{}}],"line":95},"10":{"loc":{"start":{"line":163,"column":4},"end":{"line":163,"column":50}},"type":"if","locations":[{"start":{"line":163,"column":4},"end":{"line":163,"column":50}},{"start":{},"end":{}}],"line":163},"11":{"loc":{"start":{"line":164,"column":4},"end":{"line":164,"column":38}},"type":"if","locations":[{"start":{"line":164,"column":4},"end":{"line":164,"column":38}},{"start":{},"end":{}}],"line":164},"12":{"loc":{"start":{"line":165,"column":4},"end":{"line":165,"column":44}},"type":"if","locations":[{"start":{"line":165,"column":4},"end":{"line":165,"column":44}},{"start":{},"end":{}}],"line":165},"13":{"loc":{"start":{"line":171,"column":4},"end":{"line":173,"column":5}},"type":"if","locations":[{"start":{"line":171,"column":4},"end":{"line":173,"column":5}},{"start":{},"end":{}}],"line":171},"14":{"loc":{"start":{"line":182,"column":6},"end":{"line":185,"column":7}},"type":"if","locations":[{"start":{"line":182,"column":6},"end":{"line":185,"column":7}},{"start":{},"end":{}}],"line":182},"15":{"loc":{"start":{"line":206,"column":19},"end":{"line":206,"column":43}},"type":"cond-expr","locations":[{"start":{"line":206,"column":26},"end":{"line":206,"column":36}},{"start":{"line":206,"column":39},"end":{"line":206,"column":43}}],"line":206},"16":{"loc":{"start":{"line":207,"column":18},"end":{"line":207,"column":42}},"type":"cond-expr","locations":[{"start":{"line":207,"column":25},"end":{"line":207,"column":35}},{"start":{"line":207,"column":38},"end":{"line":207,"column":42}}],"line":207},"17":{"loc":{"start":{"line":208,"column":21},"end":{"line":208,"column":49}},"type":"cond-expr","locations":[{"start":{"line":208,"column":30},"end":{"line":208,"column":42}},{"start":{"line":208,"column":45},"end":{"line":208,"column":49}}],"line":208},"18":{"loc":{"start":{"line":209,"column":20},"end":{"line":209,"column":48}},"type":"cond-expr","locations":[{"start":{"line":209,"column":29},"end":{"line":209,"column":41}},{"start":{"line":209,"column":44},"end":{"line":209,"column":48}}],"line":209},"19":{"loc":{"start":{"line":210,"column":21},"end":{"line":210,"column":59}},"type":"cond-expr","locations":[{"start":{"line":210,"column":32},"end":{"line":210,"column":52}},{"start":{"line":210,"column":55},"end":{"line":210,"column":59}}],"line":210},"20":{"loc":{"start":{"line":211,"column":18},"end":{"line":211,"column":53}},"type":"cond-expr","locations":[{"start":{"line":211,"column":29},"end":{"line":211,"column":46}},{"start":{"line":211,"column":49},"end":{"line":211,"column":53}}],"line":211},"21":{"loc":{"start":{"line":219,"column":6},"end":{"line":221,"column":7}},"type":"if","locations":[{"start":{"line":219,"column":6},"end":{"line":221,"column":7}},{"start":{},"end":{}}],"line":219},"22":{"loc":{"start":{"line":220,"column":16},"end":{"line":220,"column":32}},"type":"binary-expr","locations":[{"start":{"line":220,"column":16},"end":{"line":220,"column":27}},{"start":{"line":220,"column":31},"end":{"line":220,"column":32}}],"line":220},"23":{"loc":{"start":{"line":220,"column":37},"end":{"line":220,"column":53}},"type":"binary-expr","locations":[{"start":{"line":220,"column":37},"end":{"line":220,"column":48}},{"start":{"line":220,"column":52},"end":{"line":220,"column":53}}],"line":220},"24":{"loc":{"start":{"line":224,"column":14},"end":{"line":224,"column":32}},"type":"binary-expr","locations":[{"start":{"line":224,"column":14},"end":{"line":224,"column":27}},{"start":{"line":224,"column":31},"end":{"line":224,"column":32}}],"line":224},"25":{"loc":{"start":{"line":224,"column":37},"end":{"line":224,"column":55}},"type":"binary-expr","locations":[{"start":{"line":224,"column":37},"end":{"line":224,"column":50}},{"start":{"line":224,"column":54},"end":{"line":224,"column":55}}],"line":224},"26":{"loc":{"start":{"line":242,"column":4},"end":{"line":244,"column":5}},"type":"if","locations":[{"start":{"line":242,"column":4},"end":{"line":244,"column":5}},{"start":{},"end":{}}],"line":242},"27":{"loc":{"start":{"line":248,"column":4},"end":{"line":250,"column":5}},"type":"if","locations":[{"start":{"line":248,"column":4},"end":{"line":250,"column":5}},{"start":{},"end":{}}],"line":248},"28":{"loc":{"start":{"line":272,"column":4},"end":{"line":304,"column":5}},"type":"if","locations":[{"start":{"line":272,"column":4},"end":{"line":304,"column":5}},{"start":{"line":285,"column":9},"end":{"line":304,"column":5}}],"line":272},"29":{"loc":{"start":{"line":285,"column":9},"end":{"line":304,"column":5}},"type":"if","locations":[{"start":{"line":285,"column":9},"end":{"line":304,"column":5}},{"start":{"line":293,"column":9},"end":{"line":304,"column":5}}],"line":285},"30":{"loc":{"start":{"line":287,"column":21},"end":{"line":287,"column":65}},"type":"cond-expr","locations":[{"start":{"line":287,"column":45},"end":{"line":287,"column":58}},{"start":{"line":287,"column":61},"end":{"line":287,"column":65}}],"line":287},"31":{"loc":{"start":{"line":289,"column":24},"end":{"line":289,"column":65}},"type":"cond-expr","locations":[{"start":{"line":289,"column":33},"end":{"line":289,"column":60}},{"start":{"line":289,"column":63},"end":{"line":289,"column":65}}],"line":289},"32":{"loc":{"start":{"line":289,"column":33},"end":{"line":289,"column":60}},"type":"binary-expr","locations":[{"start":{"line":289,"column":33},"end":{"line":289,"column":54}},{"start":{"line":289,"column":58},"end":{"line":289,"column":60}}],"line":289},"33":{"loc":{"start":{"line":290,"column":23},"end":{"line":290,"column":63}},"type":"cond-expr","locations":[{"start":{"line":290,"column":32},"end":{"line":290,"column":58}},{"start":{"line":290,"column":61},"end":{"line":290,"column":63}}],"line":290},"34":{"loc":{"start":{"line":290,"column":32},"end":{"line":290,"column":58}},"type":"binary-expr","locations":[{"start":{"line":290,"column":32},"end":{"line":290,"column":52}},{"start":{"line":290,"column":56},"end":{"line":290,"column":58}}],"line":290},"35":{"loc":{"start":{"line":308,"column":17},"end":{"line":308,"column":41}},"type":"cond-expr","locations":[{"start":{"line":308,"column":24},"end":{"line":308,"column":34}},{"start":{"line":308,"column":37},"end":{"line":308,"column":41}}],"line":308},"36":{"loc":{"start":{"line":309,"column":16},"end":{"line":309,"column":39}},"type":"cond-expr","locations":[{"start":{"line":309,"column":23},"end":{"line":309,"column":32}},{"start":{"line":309,"column":35},"end":{"line":309,"column":39}}],"line":309},"37":{"loc":{"start":{"line":310,"column":19},"end":{"line":310,"column":47}},"type":"cond-expr","locations":[{"start":{"line":310,"column":28},"end":{"line":310,"column":40}},{"start":{"line":310,"column":43},"end":{"line":310,"column":47}}],"line":310},"38":{"loc":{"start":{"line":311,"column":18},"end":{"line":311,"column":45}},"type":"cond-expr","locations":[{"start":{"line":311,"column":27},"end":{"line":311,"column":38}},{"start":{"line":311,"column":41},"end":{"line":311,"column":45}}],"line":311}},"s":{"0":0,"1":0,"2":0,"3":0,"4":0,"5":0,"6":0,"7":0,"8":0,"9":0,"10":0,"11":0,"12":0,"13":0,"14":0,"15":0,"16":0,"17":0,"18":0,"19":0,"20":0,"21":0,"22":0,"23":0,"24":0,"25":0,"26":0,"27":0,"28":0,"29":0,"30":0,"31":0,"32":0,"33":0,"34":0,"35":0,"36":0,"37":0,"38":0,"39":0,"40":0,"41":0,"42":0,"43":0,"44":0,"45":0,"46":0,"47":0,"48":0,"49":0,"50":0,"51":0,"52":0,"53":0,"54":0,"55":0,"56":0,"57":0,"58":0,"59":0,"60":0,"61":0,"62":0,"63":0,"64":0,"65":0,"66":0,"67":0,"68":0,"69":0,"70":0,"71":0,"72":0,"73":0,"74":0,"75":0,"76":0,"77":0,"78":0,"79":0,"80":0,"81":0,"82":0,"83":0,"84":0,"85":0,"86":0,"87":0,"88":0,"89":0,"90":0,"91":0,"92":0,"93":0,"94":0,"95":0,"96":0,"97":0,"98":0,"99":0,"100":0,"101":0,"102":0,"103":0,"104":0,"105":0,"106":0,"107":0,"108":0,"109":0,"110":0,"111":0},"f":{"0":0,"1":0,"2":0,"3":0,"4":0,"5":0,"6":0,"7":0},"b":{"0":[0,0],"1":[0,0,0,0,0],"2":[0,0],"3":[0,0],"4":[0,0],"5":[0,0],"6":[0,0],"7":[0,0],"8":[0,0],"9":[0,0],"10":[0,0],"11":[0,0],"12":[0,0],"13":[0,0],"14":[0,0],"15":[0,0],"16":[0,0],"17":[0,0],"18":[0,0],"19":[0,0],"20":[0,0],"21":[0,0],"22":[0,0],"23":[0,0],"24":[0,0],"25":[0,0],"26":[0,0],"27":[0,0],"28":[0,0],"29":[0,0],"30":[0,0],"31":[0,0],"32":[0,0],"33":[0,0],"34":[0,0],"35":[0,0],"36":[0,0],"37":[0,0],"38":[0,0]}}
,"D:\\EnglishApp-Backend\\controllers\\language\\language.controller.js": {"path":"D:\\EnglishApp-Backend\\controllers\\language\\language.controller.js","statementMap":{"0":{"start":{"line":1,"column":17},"end":{"line":1,"column":64}},"1":{"start":{"line":4,"column":0},"end":{"line":21,"column":2}},"2":{"start":{"line":5,"column":2},"end":{"line":20,"column":3}},"3":{"start":{"line":6,"column":22},"end":{"line":6,"column":61}},"4":{"start":{"line":8,"column":21},"end":{"line":14,"column":6}},"5":{"start":{"line":9,"column":26},"end":{"line":9,"column":45}},"6":{"start":{"line":10,"column":6},"end":{"line":10,"column":50}},"7":{"start":{"line":11,"column":6},"end":{"line":11,"column":29}},"8":{"start":{"line":13,"column":6},"end":{"line":13,"column":25}},"9":{"start":{"line":16,"column":4},"end":{"line":16,"column":35}},"10":{"start":{"line":18,"column":4},"end":{"line":18,"column":60}},"11":{"start":{"line":19,"column":4},"end":{"line":19,"column":71}},"12":{"start":{"line":24,"column":0},"end":{"line":42,"column":2}},"13":{"start":{"line":25,"column":2},"end":{"line":41,"column":3}},"14":{"start":{"line":26,"column":19},"end":{"line":26,"column":29}},"15":{"start":{"line":27,"column":21},"end":{"line":27,"column":48}},"16":{"start":{"line":29,"column":4},"end":{"line":31,"column":5}},"17":{"start":{"line":30,"column":6},"end":{"line":30,"column":74}},"18":{"start":{"line":33,"column":24},"end":{"line":33,"column":43}},"19":{"start":{"line":34,"column":4},"end":{"line":34,"column":48}},"20":{"start":{"line":35,"column":4},"end":{"line":35,"column":27}},"21":{"start":{"line":37,"column":4},"end":{"line":37,"column":38}},"22":{"start":{"line":39,"column":4},"end":{"line":39,"column":59}},"23":{"start":{"line":40,"column":4},"end":{"line":40,"column":71}}},"fnMap":{"0":{"name":"(anonymous_0)","decl":{"start":{"line":4,"column":30},"end":{"line":4,"column":31}},"loc":{"start":{"line":4,"column":50},"end":{"line":21,"column":1}},"line":4},"1":{"name":"(anonymous_1)","decl":{"start":{"line":8,"column":35},"end":{"line":8,"column":36}},"loc":{"start":{"line":8,"column":47},"end":{"line":14,"column":5}},"line":8},"2":{"name":"(anonymous_2)","decl":{"start":{"line":24,"column":33},"end":{"line":24,"column":34}},"loc":{"start":{"line":24,"column":53},"end":{"line":42,"column":1}},"line":24}},"branchMap":{"0":{"loc":{"start":{"line":29,"column":4},"end":{"line":31,"column":5}},"type":"if","locations":[{"start":{"line":29,"column":4},"end":{"line":31,"column":5}},{"start":{},"end":{}}],"line":29}},"s":{"0":0,"1":0,"2":0,"3":0,"4":0,"5":0,"6":0,"7":0,"8":0,"9":0,"10":0,"11":0,"12":0,"13":0,"14":0,"15":0,"16":0,"17":0,"18":0,"19":0,"20":0,"21":0,"22":0,"23":0},"f":{"0":0,"1":0,"2":0},"b":{"0":[0,0]}}
,"D:\\EnglishApp-Backend\\controllers\\leaderboard\\leaderboard.controller.js": {"path":"D:\\EnglishApp-Backend\\controllers\\leaderboard\\leaderboard.controller.js","statementMap":{"0":{"start":{"line":1,"column":13},"end":{"line":1,"column":52}},"1":{"start":{"line":2,"column":17},"end":{"line":2,"column":64}},"2":{"start":{"line":5,"column":0},"end":{"line":61,"column":2}},"3":{"start":{"line":6,"column":2},"end":{"line":60,"column":3}},"4":{"start":{"line":7,"column":27},"end":{"line":7,"column":36}},"5":{"start":{"line":10,"column":18},"end":{"line":12,"column":29}},"6":{"start":{"line":15,"column":22},"end":{"line":15,"column":45}},"7":{"start":{"line":16,"column":24},"end":{"line":16,"column":26}},"8":{"start":{"line":17,"column":4},"end":{"line":19,"column":7}},"9":{"start":{"line":18,"column":6},"end":{"line":18,"column":54}},"10":{"start":{"line":22,"column":24},"end":{"line":39,"column":6}},"11":{"start":{"line":24,"column":30},"end":{"line":25,"column":43}},"12":{"start":{"line":27,"column":27},"end":{"line":28,"column":43}},"13":{"start":{"line":30,"column":6},"end":{"line":38,"column":8}},"14":{"start":{"line":42,"column":26},"end":{"line":42,"column":30}},"15":{"start":{"line":43,"column":4},"end":{"line":51,"column":5}},"16":{"start":{"line":44,"column":24},"end":{"line":44,"column":84}},"17":{"start":{"line":44,"column":48},"end":{"line":44,"column":83}},"18":{"start":{"line":45,"column":6},"end":{"line":50,"column":7}},"19":{"start":{"line":46,"column":8},"end":{"line":49,"column":10}},"20":{"start":{"line":53,"column":4},"end":{"line":56,"column":7}},"21":{"start":{"line":58,"column":4},"end":{"line":58,"column":55}},"22":{"start":{"line":59,"column":4},"end":{"line":59,"column":77}},"23":{"start":{"line":64,"column":0},"end":{"line":148,"column":2}},"24":{"start":{"line":65,"column":2},"end":{"line":147,"column":3}},"25":{"start":{"line":66,"column":19},"end":{"line":66,"column":30}},"26":{"start":{"line":69,"column":18},"end":{"line":69,"column":62}},"27":{"start":{"line":72,"column":22},"end":{"line":72,"column":77}},"28":{"start":{"line":72,"column":46},"end":{"line":72,"column":76}},"29":{"start":{"line":74,"column":4},"end":{"line":76,"column":5}},"30":{"start":{"line":75,"column":6},"end":{"line":75,"column":86}},"31":{"start":{"line":79,"column":22},"end":{"line":79,"column":45}},"32":{"start":{"line":80,"column":24},"end":{"line":80,"column":26}},"33":{"start":{"line":81,"column":4},"end":{"line":83,"column":7}},"34":{"start":{"line":82,"column":6},"end":{"line":82,"column":51}},"35":{"start":{"line":86,"column":24},"end":{"line":86,"column":40}},"36":{"start":{"line":87,"column":28},"end":{"line":88,"column":48}},"37":{"start":{"line":90,"column":28},"end":{"line":99,"column":5}},"38":{"start":{"line":102,"column":23},"end":{"line":102,"column":25}},"39":{"start":{"line":103,"column":4},"end":{"line":118,"column":5}},"40":{"start":{"line":103,"column":17},"end":{"line":103,"column":43}},"41":{"start":{"line":104,"column":19},"end":{"line":104,"column":27}},"42":{"start":{"line":105,"column":27},"end":{"line":106,"column":43}},"43":{"start":{"line":108,"column":6},"end":{"line":117,"column":9}},"44":{"start":{"line":121,"column":23},"end":{"line":121,"column":25}},"45":{"start":{"line":122,"column":4},"end":{"line":137,"column":5}},"46":{"start":{"line":122,"column":17},"end":{"line":122,"column":30}},"47":{"start":{"line":123,"column":19},"end":{"line":123,"column":27}},"48":{"start":{"line":124,"column":27},"end":{"line":125,"column":43}},"49":{"start":{"line":127,"column":6},"end":{"line":136,"column":9}},"50":{"start":{"line":139,"column":4},"end":{"line":143,"column":7}},"51":{"start":{"line":145,"column":4},"end":{"line":145,"column":61}},"52":{"start":{"line":146,"column":4},"end":{"line":146,"column":72}},"53":{"start":{"line":151,"column":0},"end":{"line":193,"column":2}},"54":{"start":{"line":152,"column":2},"end":{"line":192,"column":3}},"55":{"start":{"line":153,"column":23},"end":{"line":153,"column":33}},"56":{"start":{"line":156,"column":18},"end":{"line":156,"column":62}},"57":{"start":{"line":159,"column":22},"end":{"line":159,"column":77}},"58":{"start":{"line":159,"column":46},"end":{"line":159,"column":76}},"59":{"start":{"line":161,"column":4},"end":{"line":163,"column":5}},"60":{"start":{"line":162,"column":6},"end":{"line":162,"column":76}},"61":{"start":{"line":166,"column":22},"end":{"line":166,"column":45}},"62":{"start":{"line":167,"column":24},"end":{"line":167,"column":26}},"63":{"start":{"line":168,"column":4},"end":{"line":170,"column":7}},"64":{"start":{"line":169,"column":6},"end":{"line":169,"column":51}},"65":{"start":{"line":173,"column":17},"end":{"line":173,"column":33}},"66":{"start":{"line":174,"column":28},"end":{"line":175,"column":41}},"67":{"start":{"line":177,"column":21},"end":{"line":186,"column":5}},"68":{"start":{"line":188,"column":4},"end":{"line":188,"column":45}},"69":{"start":{"line":190,"column":4},"end":{"line":190,"column":71}},"70":{"start":{"line":191,"column":4},"end":{"line":191,"column":82}}},"fnMap":{"0":{"name":"(anonymous_0)","decl":{"start":{"line":5,"column":32},"end":{"line":5,"column":33}},"loc":{"start":{"line":5,"column":52},"end":{"line":61,"column":1}},"line":5},"1":{"name":"(anonymous_1)","decl":{"start":{"line":17,"column":22},"end":{"line":17,"column":23}},"loc":{"start":{"line":17,"column":30},"end":{"line":19,"column":5}},"line":17},"2":{"name":"(anonymous_2)","decl":{"start":{"line":22,"column":34},"end":{"line":22,"column":35}},"loc":{"start":{"line":22,"column":51},"end":{"line":39,"column":5}},"line":22},"3":{"name":"(anonymous_3)","decl":{"start":{"line":44,"column":40},"end":{"line":44,"column":41}},"loc":{"start":{"line":44,"column":48},"end":{"line":44,"column":83}},"line":44},"4":{"name":"(anonymous_4)","decl":{"start":{"line":64,"column":36},"end":{"line":64,"column":37}},"loc":{"start":{"line":64,"column":56},"end":{"line":148,"column":1}},"line":64},"5":{"name":"(anonymous_5)","decl":{"start":{"line":72,"column":38},"end":{"line":72,"column":39}},"loc":{"start":{"line":72,"column":46},"end":{"line":72,"column":76}},"line":72},"6":{"name":"(anonymous_6)","decl":{"start":{"line":81,"column":22},"end":{"line":81,"column":23}},"loc":{"start":{"line":81,"column":30},"end":{"line":83,"column":5}},"line":81},"7":{"name":"(anonymous_7)","decl":{"start":{"line":151,"column":29},"end":{"line":151,"column":30}},"loc":{"start":{"line":151,"column":49},"end":{"line":193,"column":1}},"line":151},"8":{"name":"(anonymous_8)","decl":{"start":{"line":159,"column":38},"end":{"line":159,"column":39}},"loc":{"start":{"line":159,"column":46},"end":{"line":159,"column":76}},"line":159},"9":{"name":"(anonymous_9)","decl":{"start":{"line":168,"column":22},"end":{"line":168,"column":23}},"loc":{"start":{"line":168,"column":30},"end":{"line":170,"column":5}},"line":168}},"branchMap":{"0":{"loc":{"start":{"line":7,"column":12},"end":{"line":7,"column":22}},"type":"default-arg","locations":[{"start":{"line":7,"column":20},"end":{"line":7,"column":22}}],"line":7},"1":{"loc":{"start":{"line":24,"column":30},"end":{"line":25,"column":43}},"type":"cond-expr","locations":[{"start":{"line":25,"column":8},"end":{"line":25,"column":36}},{"start":{"line":25,"column":39},"end":{"line":25,"column":43}}],"line":24},"2":{"loc":{"start":{"line":24,"column":30},"end":{"line":24,"column":73}},"type":"binary-expr","locations":[{"start":{"line":24,"column":30},"end":{"line":24,"column":44}},{"start":{"line":24,"column":48},"end":{"line":24,"column":73}}],"line":24},"3":{"loc":{"start":{"line":27,"column":27},"end":{"line":28,"column":43}},"type":"cond-expr","locations":[{"start":{"line":28,"column":8},"end":{"line":28,"column":36}},{"start":{"line":28,"column":39},"end":{"line":28,"column":43}}],"line":27},"4":{"loc":{"start":{"line":27,"column":27},"end":{"line":27,"column":74}},"type":"binary-expr","locations":[{"start":{"line":27,"column":27},"end":{"line":27,"column":42}},{"start":{"line":27,"column":46},"end":{"line":27,"column":74}}],"line":27},"5":{"loc":{"start":{"line":33,"column":18},"end":{"line":33,"column":48}},"type":"binary-expr","locations":[{"start":{"line":33,"column":18},"end":{"line":33,"column":31}},{"start":{"line":33,"column":35},"end":{"line":33,"column":48}}],"line":33},"6":{"loc":{"start":{"line":43,"column":4},"end":{"line":51,"column":5}},"type":"if","locations":[{"start":{"line":43,"column":4},"end":{"line":51,"column":5}},{"start":{},"end":{}}],"line":43},"7":{"loc":{"start":{"line":45,"column":6},"end":{"line":50,"column":7}},"type":"if","locations":[{"start":{"line":45,"column":6},"end":{"line":50,"column":7}},{"start":{},"end":{}}],"line":45},"8":{"loc":{"start":{"line":74,"column":4},"end":{"line":76,"column":5}},"type":"if","locations":[{"start":{"line":74,"column":4},"end":{"line":76,"column":5}},{"start":{},"end":{}}],"line":74},"9":{"loc":{"start":{"line":87,"column":28},"end":{"line":88,"column":48}},"type":"cond-expr","locations":[{"start":{"line":88,"column":6},"end":{"line":88,"column":41}},{"start":{"line":88,"column":44},"end":{"line":88,"column":48}}],"line":87},"10":{"loc":{"start":{"line":87,"column":28},"end":{"line":87,"column":85}},"type":"binary-expr","locations":[{"start":{"line":87,"column":28},"end":{"line":87,"column":49}},{"start":{"line":87,"column":53},"end":{"line":87,"column":85}}],"line":87},"11":{"loc":{"start":{"line":93,"column":16},"end":{"line":93,"column":60}},"type":"binary-expr","locations":[{"start":{"line":93,"column":16},"end":{"line":93,"column":36}},{"start":{"line":93,"column":40},"end":{"line":93,"column":60}}],"line":93},"12":{"loc":{"start":{"line":96,"column":20},"end":{"line":97,"column":43}},"type":"cond-expr","locations":[{"start":{"line":97,"column":8},"end":{"line":97,"column":36}},{"start":{"line":97,"column":39},"end":{"line":97,"column":43}}],"line":96},"13":{"loc":{"start":{"line":96,"column":20},"end":{"line":96,"column":67}},"type":"binary-expr","locations":[{"start":{"line":96,"column":20},"end":{"line":96,"column":35}},{"start":{"line":96,"column":39},"end":{"line":96,"column":67}}],"line":96},"14":{"loc":{"start":{"line":105,"column":27},"end":{"line":106,"column":43}},"type":"cond-expr","locations":[{"start":{"line":106,"column":8},"end":{"line":106,"column":36}},{"start":{"line":106,"column":39},"end":{"line":106,"column":43}}],"line":105},"15":{"loc":{"start":{"line":105,"column":27},"end":{"line":105,"column":70}},"type":"binary-expr","locations":[{"start":{"line":105,"column":27},"end":{"line":105,"column":41}},{"start":{"line":105,"column":45},"end":{"line":105,"column":70}}],"line":105},"16":{"loc":{"start":{"line":111,"column":18},"end":{"line":111,"column":48}},"type":"binary-expr","locations":[{"start":{"line":111,"column":18},"end":{"line":111,"column":31}},{"start":{"line":111,"column":35},"end":{"line":111,"column":48}}],"line":111},"17":{"loc":{"start":{"line":114,"column":22},"end":{"line":115,"column":42}},"type":"cond-expr","locations":[{"start":{"line":115,"column":10},"end":{"line":115,"column":35}},{"start":{"line":115,"column":38},"end":{"line":115,"column":42}}],"line":114},"18":{"loc":{"start":{"line":114,"column":22},"end":{"line":114,"column":63}},"type":"binary-expr","locations":[{"start":{"line":114,"column":22},"end":{"line":114,"column":34}},{"start":{"line":114,"column":38},"end":{"line":114,"column":63}}],"line":114},"19":{"loc":{"start":{"line":124,"column":27},"end":{"line":125,"column":43}},"type":"cond-expr","locations":[{"start":{"line":125,"column":8},"end":{"line":125,"column":36}},{"start":{"line":125,"column":39},"end":{"line":125,"column":43}}],"line":124},"20":{"loc":{"start":{"line":124,"column":27},"end":{"line":124,"column":70}},"type":"binary-expr","locations":[{"start":{"line":124,"column":27},"end":{"line":124,"column":41}},{"start":{"line":124,"column":45},"end":{"line":124,"column":70}}],"line":124},"21":{"loc":{"start":{"line":130,"column":18},"end":{"line":130,"column":48}},"type":"binary-expr","locations":[{"start":{"line":130,"column":18},"end":{"line":130,"column":31}},{"start":{"line":130,"column":35},"end":{"line":130,"column":48}}],"line":130},"22":{"loc":{"start":{"line":133,"column":22},"end":{"line":134,"column":42}},"type":"cond-expr","locations":[{"start":{"line":134,"column":10},"end":{"line":134,"column":35}},{"start":{"line":134,"column":38},"end":{"line":134,"column":42}}],"line":133},"23":{"loc":{"start":{"line":133,"column":22},"end":{"line":133,"column":63}},"type":"binary-expr","locations":[{"start":{"line":133,"column":22},"end":{"line":133,"column":34}},{"start":{"line":133,"column":38},"end":{"line":133,"column":63}}],"line":133},"24":{"loc":{"start":{"line":161,"column":4},"end":{"line":163,"column":5}},"type":"if","locations":[{"start":{"line":161,"column":4},"end":{"line":163,"column":5}},{"start":{},"end":{}}],"line":161},"25":{"loc":{"start":{"line":174,"column":28},"end":{"line":175,"column":41}},"type":"cond-expr","locations":[{"start":{"line":175,"column":6},"end":{"line":175,"column":34}},{"start":{"line":175,"column":37},"end":{"line":175,"column":41}}],"line":174},"26":{"loc":{"start":{"line":174,"column":28},"end":{"line":174,"column":71}},"type":"binary-expr","locations":[{"start":{"line":174,"column":28},"end":{"line":174,"column":42}},{"start":{"line":174,"column":46},"end":{"line":174,"column":71}}],"line":174},"27":{"loc":{"start":{"line":180,"column":16},"end":{"line":180,"column":46}},"type":"binary-expr","locations":[{"start":{"line":180,"column":16},"end":{"line":180,"column":29}},{"start":{"line":180,"column":33},"end":{"line":180,"column":46}}],"line":180},"28":{"loc":{"start":{"line":183,"column":20},"end":{"line":184,"column":43}},"type":"cond-expr","locations":[{"start":{"line":184,"column":8},"end":{"line":184,"column":36}},{"start":{"line":184,"column":39},"end":{"line":184,"column":43}}],"line":183},"29":{"loc":{"start":{"line":183,"column":20},"end":{"line":183,"column":67}},"type":"binary-expr","locations":[{"start":{"line":183,"column":20},"end":{"line":183,"column":35}},{"start":{"line":183,"column":39},"end":{"line":183,"column":67}}],"line":183}},"s":{"0":0,"1":0,"2":0,"3":0,"4":0,"5":0,"6":0,"7":0,"8":0,"9":0,"10":0,"11":0,"12":0,"13":0,"14":0,"15":0,"16":0,"17":0,"18":0,"19":0,"20":0,"21":0,"22":0,"23":0,"24":0,"25":0,"26":0,"27":0,"28":0,"29":0,"30":0,"31":0,"32":0,"33":0,"34":0,"35":0,"36":0,"37":0,"38":0,"39":0,"40":0,"41":0,"42":0,"43":0,"44":0,"45":0,"46":0,"47":0,"48":0,"49":0,"50":0,"51":0,"52":0,"53":0,"54":0,"55":0,"56":0,"57":0,"58":0,"59":0,"60":0,"61":0,"62":0,"63":0,"64":0,"65":0,"66":0,"67":0,"68":0,"69":0,"70":0},"f":{"0":0,"1":0,"2":0,"3":0,"4":0,"5":0,"6":0,"7":0,"8":0,"9":0},"b":{"0":[0],"1":[0,0],"2":[0,0],"3":[0,0],"4":[0,0],"5":[0,0],"6":[0,0],"7":[0,0],"8":[0,0],"9":[0,0],"10":[0,0],"11":[0,0],"12":[0,0],"13":[0,0],"14":[0,0],"15":[0,0],"16":[0,0],"17":[0,0],"18":[0,0],"19":[0,0],"20":[0,0],"21":[0,0],"22":[0,0],"23":[0,0],"24":[0,0],"25":[0,0],"26":[0,0],"27":[0,0],"28":[0,0],"29":[0,0]}}
,"D:\\EnglishApp-Backend\\controllers\\lesson\\lesson.controller.js": {"path":"D:\\EnglishApp-Backend\\controllers\\lesson\\lesson.controller.js","statementMap":{"0":{"start":{"line":1,"column":15},"end":{"line":1,"column":58}},"1":{"start":{"line":2,"column":27},"end":{"line":2,"column":82}},"2":{"start":{"line":3,"column":17},"end":{"line":3,"column":64}},"3":{"start":{"line":6,"column":0},"end":{"line":50,"column":2}},"4":{"start":{"line":7,"column":2},"end":{"line":49,"column":3}},"5":{"start":{"line":8,"column":23},"end":{"line":8,"column":33}},"6":{"start":{"line":9,"column":23},"end":{"line":9,"column":32}},"7":{"start":{"line":11,"column":20},"end":{"line":11,"column":68}},"8":{"start":{"line":14,"column":23},"end":{"line":14,"column":25}},"9":{"start":{"line":15,"column":4},"end":{"line":20,"column":5}},"10":{"start":{"line":16,"column":6},"end":{"line":19,"column":9}},"11":{"start":{"line":18,"column":47},"end":{"line":18,"column":57}},"12":{"start":{"line":22,"column":21},"end":{"line":43,"column":6}},"13":{"start":{"line":23,"column":24},"end":{"line":23,"column":41}},"14":{"start":{"line":24,"column":6},"end":{"line":24,"column":46}},"15":{"start":{"line":25,"column":6},"end":{"line":25,"column":27}},"16":{"start":{"line":28,"column":23},"end":{"line":30,"column":7}},"17":{"start":{"line":29,"column":13},"end":{"line":29,"column":51}},"18":{"start":{"line":32,"column":6},"end":{"line":40,"column":8}},"19":{"start":{"line":42,"column":6},"end":{"line":42,"column":23}},"20":{"start":{"line":45,"column":4},"end":{"line":45,"column":35}},"21":{"start":{"line":47,"column":4},"end":{"line":47,"column":58}},"22":{"start":{"line":48,"column":4},"end":{"line":48,"column":71}},"23":{"start":{"line":53,"column":0},"end":{"line":103,"column":2}},"24":{"start":{"line":54,"column":2},"end":{"line":102,"column":3}},"25":{"start":{"line":55,"column":19},"end":{"line":55,"column":29}},"26":{"start":{"line":56,"column":23},"end":{"line":56,"column":32}},"27":{"start":{"line":58,"column":19},"end":{"line":58,"column":44}},"28":{"start":{"line":60,"column":4},"end":{"line":62,"column":5}},"29":{"start":{"line":61,"column":6},"end":{"line":61,"column":73}},"30":{"start":{"line":65,"column":26},"end":{"line":65,"column":73}},"31":{"start":{"line":68,"column":19},"end":{"line":68,"column":23}},"32":{"start":{"line":69,"column":4},"end":{"line":71,"column":5}},"33":{"start":{"line":70,"column":6},"end":{"line":70,"column":76}},"34":{"start":{"line":73,"column":22},"end":{"line":73,"column":39}},"35":{"start":{"line":74,"column":4},"end":{"line":74,"column":44}},"36":{"start":{"line":75,"column":4},"end":{"line":75,"column":25}},"37":{"start":{"line":77,"column":4},"end":{"line":77,"column":44}},"38":{"start":{"line":78,"column":4},"end":{"line":96,"column":6}},"39":{"start":{"line":98,"column":4},"end":{"line":98,"column":36}},"40":{"start":{"line":100,"column":4},"end":{"line":100,"column":57}},"41":{"start":{"line":101,"column":4},"end":{"line":101,"column":71}}},"fnMap":{"0":{"name":"(anonymous_0)","decl":{"start":{"line":6,"column":34},"end":{"line":6,"column":35}},"loc":{"start":{"line":6,"column":54},"end":{"line":50,"column":1}},"line":6},"1":{"name":"(anonymous_1)","decl":{"start":{"line":18,"column":37},"end":{"line":18,"column":38}},"loc":{"start":{"line":18,"column":47},"end":{"line":18,"column":57}},"line":18},"2":{"name":"(anonymous_2)","decl":{"start":{"line":22,"column":33},"end":{"line":22,"column":34}},"loc":{"start":{"line":22,"column":43},"end":{"line":43,"column":5}},"line":22},"3":{"name":"(anonymous_3)","decl":{"start":{"line":29,"column":8},"end":{"line":29,"column":9}},"loc":{"start":{"line":29,"column":13},"end":{"line":29,"column":51}},"line":29},"4":{"name":"(anonymous_4)","decl":{"start":{"line":53,"column":31},"end":{"line":53,"column":32}},"loc":{"start":{"line":53,"column":51},"end":{"line":103,"column":1}},"line":53}},"branchMap":{"0":{"loc":{"start":{"line":15,"column":4},"end":{"line":20,"column":5}},"type":"if","locations":[{"start":{"line":15,"column":4},"end":{"line":20,"column":5}},{"start":{},"end":{}}],"line":15},"1":{"loc":{"start":{"line":32,"column":27},"end":{"line":40,"column":7}},"type":"cond-expr","locations":[{"start":{"line":32,"column":38},"end":{"line":36,"column":7}},{"start":{"line":36,"column":10},"end":{"line":40,"column":7}}],"line":32},"2":{"loc":{"start":{"line":60,"column":4},"end":{"line":62,"column":5}},"type":"if","locations":[{"start":{"line":60,"column":4},"end":{"line":62,"column":5}},{"start":{},"end":{}}],"line":60},"3":{"loc":{"start":{"line":69,"column":4},"end":{"line":71,"column":5}},"type":"if","locations":[{"start":{"line":69,"column":4},"end":{"line":71,"column":5}},{"start":{},"end":{}}],"line":69},"4":{"loc":{"start":{"line":78,"column":25},"end":{"line":96,"column":5}},"type":"cond-expr","locations":[{"start":{"line":78,"column":36},"end":{"line":87,"column":5}},{"start":{"line":87,"column":8},"end":{"line":96,"column":5}}],"line":78}},"s":{"0":0,"1":0,"2":0,"3":0,"4":0,"5":0,"6":0,"7":0,"8":0,"9":0,"10":0,"11":0,"12":0,"13":0,"14":0,"15":0,"16":0,"17":0,"18":0,"19":0,"20":0,"21":0,"22":0,"23":0,"24":0,"25":0,"26":0,"27":0,"28":0,"29":0,"30":0,"31":0,"32":0,"33":0,"34":0,"35":0,"36":0,"37":0,"38":0,"39":0,"40":0,"41":0},"f":{"0":0,"1":0,"2":0,"3":0,"4":0},"b":{"0":[0,0],"1":[0,0],"2":[0,0],"3":[0,0],"4":[0,0]}}
,"D:\\EnglishApp-Backend\\controllers\\notification\\notification.controller.js": {"path":"D:\\EnglishApp-Backend\\controllers\\notification\\notification.controller.js","statementMap":{"0":{"start":{"line":1,"column":21},"end":{"line":1,"column":76}},"1":{"start":{"line":2,"column":24},"end":{"line":2,"column":83}},"2":{"start":{"line":3,"column":13},"end":{"line":3,"column":52}},"3":{"start":{"line":6,"column":0},"end":{"line":22,"column":2}},"4":{"start":{"line":7,"column":2},"end":{"line":21,"column":3}},"5":{"start":{"line":8,"column":25},"end":{"line":14,"column":6}},"6":{"start":{"line":16,"column":4},"end":{"line":16,"column":30}},"7":{"start":{"line":17,"column":4},"end":{"line":17,"column":24}},"8":{"start":{"line":19,"column":4},"end":{"line":19,"column":51}},"9":{"start":{"line":20,"column":4},"end":{"line":20,"column":16}},"10":{"start":{"line":25,"column":0},"end":{"line":76,"column":2}},"11":{"start":{"line":26,"column":2},"end":{"line":75,"column":3}},"12":{"start":{"line":27,"column":23},"end":{"line":27,"column":33}},"13":{"start":{"line":28,"column":43},"end":{"line":28,"column":52}},"14":{"start":{"line":31,"column":4},"end":{"line":33,"column":5}},"15":{"start":{"line":32,"column":6},"end":{"line":32,"column":104}},"16":{"start":{"line":36,"column":18},"end":{"line":36,"column":28}},"17":{"start":{"line":37,"column":4},"end":{"line":39,"column":5}},"18":{"start":{"line":38,"column":6},"end":{"line":38,"column":24}},"19":{"start":{"line":42,"column":18},"end":{"line":42,"column":58}},"20":{"start":{"line":45,"column":26},"end":{"line":48,"column":29}},"21":{"start":{"line":51,"column":35},"end":{"line":57,"column":6}},"22":{"start":{"line":52,"column":30},"end":{"line":52,"column":53}},"23":{"start":{"line":53,"column":6},"end":{"line":53,"column":58}},"24":{"start":{"line":54,"column":6},"end":{"line":54,"column":33}},"25":{"start":{"line":56,"column":6},"end":{"line":56,"column":29}},"26":{"start":{"line":60,"column":24},"end":{"line":60,"column":84}},"27":{"start":{"line":62,"column":4},"end":{"line":71,"column":7}},"28":{"start":{"line":73,"column":4},"end":{"line":73,"column":61}},"29":{"start":{"line":74,"column":4},"end":{"line":74,"column":83}},"30":{"start":{"line":79,"column":0},"end":{"line":107,"column":2}},"31":{"start":{"line":80,"column":2},"end":{"line":106,"column":3}},"32":{"start":{"line":81,"column":39},"end":{"line":81,"column":49}},"33":{"start":{"line":84,"column":4},"end":{"line":86,"column":5}},"34":{"start":{"line":85,"column":6},"end":{"line":85,"column":104}},"35":{"start":{"line":89,"column":25},"end":{"line":89,"column":84}},"36":{"start":{"line":90,"column":4},"end":{"line":92,"column":5}},"37":{"start":{"line":91,"column":6},"end":{"line":91,"column":75}},"38":{"start":{"line":95,"column":4},"end":{"line":95,"column":31}},"39":{"start":{"line":96,"column":4},"end":{"line":96,"column":30}},"40":{"start":{"line":98,"column":4},"end":{"line":102,"column":7}},"41":{"start":{"line":104,"column":4},"end":{"line":104,"column":63}},"42":{"start":{"line":105,"column":4},"end":{"line":105,"column":78}},"43":{"start":{"line":110,"column":0},"end":{"line":133,"column":2}},"44":{"start":{"line":111,"column":2},"end":{"line":132,"column":3}},"45":{"start":{"line":112,"column":23},"end":{"line":112,"column":33}},"46":{"start":{"line":115,"column":4},"end":{"line":117,"column":5}},"47":{"start":{"line":116,"column":6},"end":{"line":116,"column":104}},"48":{"start":{"line":120,"column":19},"end":{"line":123,"column":5}},"49":{"start":{"line":125,"column":4},"end":{"line":128,"column":7}},"50":{"start":{"line":130,"column":4},"end":{"line":130,"column":70}},"51":{"start":{"line":131,"column":4},"end":{"line":131,"column":78}},"52":{"start":{"line":136,"column":0},"end":{"line":159,"column":2}},"53":{"start":{"line":137,"column":2},"end":{"line":158,"column":3}},"54":{"start":{"line":138,"column":39},"end":{"line":138,"column":49}},"55":{"start":{"line":141,"column":4},"end":{"line":143,"column":5}},"56":{"start":{"line":142,"column":6},"end":{"line":142,"column":99}},"57":{"start":{"line":146,"column":25},"end":{"line":146,"column":93}},"58":{"start":{"line":147,"column":4},"end":{"line":149,"column":5}},"59":{"start":{"line":148,"column":6},"end":{"line":148,"column":75}},"60":{"start":{"line":151,"column":4},"end":{"line":154,"column":7}},"61":{"start":{"line":156,"column":4},"end":{"line":156,"column":51}},"62":{"start":{"line":157,"column":4},"end":{"line":157,"column":73}}},"fnMap":{"0":{"name":"(anonymous_0)","decl":{"start":{"line":6,"column":36},"end":{"line":6,"column":37}},"loc":{"start":{"line":6,"column":87},"end":{"line":22,"column":1}},"line":6},"1":{"name":"(anonymous_1)","decl":{"start":{"line":25,"column":38},"end":{"line":25,"column":39}},"loc":{"start":{"line":25,"column":58},"end":{"line":76,"column":1}},"line":25},"2":{"name":"(anonymous_2)","decl":{"start":{"line":51,"column":53},"end":{"line":51,"column":54}},"loc":{"start":{"line":51,"column":69},"end":{"line":57,"column":5}},"line":51},"3":{"name":"(anonymous_3)","decl":{"start":{"line":79,"column":40},"end":{"line":79,"column":41}},"loc":{"start":{"line":79,"column":60},"end":{"line":107,"column":1}},"line":79},"4":{"name":"(anonymous_4)","decl":{"start":{"line":110,"column":44},"end":{"line":110,"column":45}},"loc":{"start":{"line":110,"column":64},"end":{"line":133,"column":1}},"line":110},"5":{"name":"(anonymous_5)","decl":{"start":{"line":136,"column":36},"end":{"line":136,"column":37}},"loc":{"start":{"line":136,"column":56},"end":{"line":159,"column":1}},"line":136}},"branchMap":{"0":{"loc":{"start":{"line":6,"column":73},"end":{"line":6,"column":82}},"type":"default-arg","locations":[{"start":{"line":6,"column":80},"end":{"line":6,"column":82}}],"line":6},"1":{"loc":{"start":{"line":28,"column":12},"end":{"line":28,"column":22}},"type":"default-arg","locations":[{"start":{"line":28,"column":20},"end":{"line":28,"column":22}}],"line":28},"2":{"loc":{"start":{"line":28,"column":24},"end":{"line":28,"column":32}},"type":"default-arg","locations":[{"start":{"line":28,"column":31},"end":{"line":28,"column":32}}],"line":28},"3":{"loc":{"start":{"line":31,"column":4},"end":{"line":33,"column":5}},"type":"if","locations":[{"start":{"line":31,"column":4},"end":{"line":33,"column":5}},{"start":{},"end":{}}],"line":31},"4":{"loc":{"start":{"line":37,"column":4},"end":{"line":39,"column":5}},"type":"if","locations":[{"start":{"line":37,"column":4},"end":{"line":39,"column":5}},{"start":{},"end":{}}],"line":37},"5":{"loc":{"start":{"line":84,"column":4},"end":{"line":86,"column":5}},"type":"if","locations":[{"start":{"line":84,"column":4},"end":{"line":86,"column":5}},{"start":{},"end":{}}],"line":84},"6":{"loc":{"start":{"line":90,"column":4},"end":{"line":92,"column":5}},"type":"if","locations":[{"start":{"line":90,"column":4},"end":{"line":92,"column":5}},{"start":{},"end":{}}],"line":90},"7":{"loc":{"start":{"line":115,"column":4},"end":{"line":117,"column":5}},"type":"if","locations":[{"start":{"line":115,"column":4},"end":{"line":117,"column":5}},{"start":{},"end":{}}],"line":115},"8":{"loc":{"start":{"line":141,"column":4},"end":{"line":143,"column":5}},"type":"if","locations":[{"start":{"line":141,"column":4},"end":{"line":143,"column":5}},{"start":{},"end":{}}],"line":141},"9":{"loc":{"start":{"line":147,"column":4},"end":{"line":149,"column":5}},"type":"if","locations":[{"start":{"line":147,"column":4},"end":{"line":149,"column":5}},{"start":{},"end":{}}],"line":147}},"s":{"0":0,"1":0,"2":0,"3":0,"4":0,"5":0,"6":0,"7":0,"8":0,"9":0,"10":0,"11":0,"12":0,"13":0,"14":0,"15":0,"16":0,"17":0,"18":0,"19":0,"20":0,"21":0,"22":0,"23":0,"24":0,"25":0,"26":0,"27":0,"28":0,"29":0,"30":0,"31":0,"32":0,"33":0,"34":0,"35":0,"36":0,"37":0,"38":0,"39":0,"40":0,"41":0,"42":0,"43":0,"44":0,"45":0,"46":0,"47":0,"48":0,"49":0,"50":0,"51":0,"52":0,"53":0,"54":0,"55":0,"56":0,"57":0,"58":0,"59":0,"60":0,"61":0,"62":0},"f":{"0":0,"1":0,"2":0,"3":0,"4":0,"5":0},"b":{"0":[0],"1":[0],"2":[0],"3":[0,0],"4":[0,0],"5":[0,0],"6":[0,0],"7":[0,0],"8":[0,0],"9":[0,0]}}
,"D:\\EnglishApp-Backend\\controllers\\notification\\reminder.controller.js": {"path":"D:\\EnglishApp-Backend\\controllers\\notification\\reminder.controller.js","statementMap":{"0":{"start":{"line":1,"column":24},"end":{"line":1,"column":83}},"1":{"start":{"line":2,"column":13},"end":{"line":2,"column":52}},"2":{"start":{"line":3,"column":31},"end":{"line":3,"column":67}},"3":{"start":{"line":6,"column":0},"end":{"line":33,"column":2}},"4":{"start":{"line":7,"column":2},"end":{"line":32,"column":3}},"5":{"start":{"line":8,"column":23},"end":{"line":8,"column":33}},"6":{"start":{"line":11,"column":4},"end":{"line":13,"column":5}},"7":{"start":{"line":12,"column":6},"end":{"line":12,"column":102}},"8":{"start":{"line":16,"column":26},"end":{"line":16,"column":67}},"9":{"start":{"line":19,"column":4},"end":{"line":22,"column":5}},"10":{"start":{"line":20,"column":6},"end":{"line":20,"column":56}},"11":{"start":{"line":21,"column":6},"end":{"line":21,"column":35}},"12":{"start":{"line":24,"column":23},"end":{"line":24,"column":49}},"13":{"start":{"line":25,"column":4},"end":{"line":25,"column":46}},"14":{"start":{"line":26,"column":4},"end":{"line":26,"column":26}},"15":{"start":{"line":28,"column":4},"end":{"line":28,"column":37}},"16":{"start":{"line":30,"column":4},"end":{"line":30,"column":58}},"17":{"start":{"line":31,"column":4},"end":{"line":31,"column":80}},"18":{"start":{"line":36,"column":0},"end":{"line":87,"column":2}},"19":{"start":{"line":37,"column":2},"end":{"line":86,"column":3}},"20":{"start":{"line":38,"column":23},"end":{"line":38,"column":33}},"21":{"start":{"line":39,"column":54},"end":{"line":39,"column":62}},"22":{"start":{"line":42,"column":4},"end":{"line":44,"column":5}},"23":{"start":{"line":43,"column":6},"end":{"line":43,"column":102}},"24":{"start":{"line":47,"column":26},"end":{"line":47,"column":67}},"25":{"start":{"line":50,"column":4},"end":{"line":52,"column":5}},"26":{"start":{"line":51,"column":6},"end":{"line":51,"column":56}},"27":{"start":{"line":55,"column":4},"end":{"line":55,"column":71}},"28":{"start":{"line":55,"column":33},"end":{"line":55,"column":71}},"29":{"start":{"line":56,"column":4},"end":{"line":63,"column":5}},"30":{"start":{"line":58,"column":24},"end":{"line":58,"column":53}},"31":{"start":{"line":59,"column":6},"end":{"line":61,"column":7}},"32":{"start":{"line":60,"column":8},"end":{"line":60,"column":110}},"33":{"start":{"line":62,"column":6},"end":{"line":62,"column":50}},"34":{"start":{"line":64,"column":4},"end":{"line":71,"column":5}},"35":{"start":{"line":66,"column":26},"end":{"line":66,"column":98}},"36":{"start":{"line":66,"column":52},"end":{"line":66,"column":97}},"37":{"start":{"line":67,"column":6},"end":{"line":69,"column":7}},"38":{"start":{"line":68,"column":8},"end":{"line":68,"column":135}},"39":{"start":{"line":70,"column":6},"end":{"line":70,"column":50}},"40":{"start":{"line":73,"column":4},"end":{"line":73,"column":33}},"41":{"start":{"line":75,"column":23},"end":{"line":75,"column":49}},"42":{"start":{"line":76,"column":4},"end":{"line":76,"column":46}},"43":{"start":{"line":77,"column":4},"end":{"line":77,"column":26}},"44":{"start":{"line":79,"column":4},"end":{"line":82,"column":7}},"45":{"start":{"line":84,"column":4},"end":{"line":84,"column":63}},"46":{"start":{"line":85,"column":4},"end":{"line":85,"column":85}},"47":{"start":{"line":90,"column":0},"end":{"line":162,"column":2}},"48":{"start":{"line":91,"column":2},"end":{"line":161,"column":3}},"49":{"start":{"line":92,"column":4},"end":{"line":92,"column":65}},"50":{"start":{"line":94,"column":16},"end":{"line":94,"column":26}},"51":{"start":{"line":95,"column":24},"end":{"line":95,"column":38}},"52":{"start":{"line":96,"column":26},"end":{"line":96,"column":42}},"53":{"start":{"line":97,"column":23},"end":{"line":97,"column":35}},"54":{"start":{"line":100,"column":24},"end":{"line":100,"column":113}},"55":{"start":{"line":103,"column":29},"end":{"line":107,"column":6}},"56":{"start":{"line":109,"column":4},"end":{"line":109,"column":83}},"57":{"start":{"line":112,"column":4},"end":{"line":156,"column":5}},"58":{"start":{"line":114,"column":20},"end":{"line":114,"column":51}},"59":{"start":{"line":115,"column":6},"end":{"line":118,"column":7}},"60":{"start":{"line":116,"column":8},"end":{"line":116,"column":84}},"61":{"start":{"line":117,"column":8},"end":{"line":117,"column":17}},"62":{"start":{"line":121,"column":19},"end":{"line":121,"column":54}},"63":{"start":{"line":122,"column":6},"end":{"line":125,"column":7}},"64":{"start":{"line":123,"column":8},"end":{"line":123,"column":67}},"65":{"start":{"line":124,"column":8},"end":{"line":124,"column":17}},"66":{"start":{"line":128,"column":28},"end":{"line":128,"column":74}},"67":{"start":{"line":129,"column":6},"end":{"line":132,"column":7}},"68":{"start":{"line":130,"column":8},"end":{"line":130,"column":77}},"69":{"start":{"line":131,"column":8},"end":{"line":131,"column":17}},"70":{"start":{"line":135,"column":18},"end":{"line":135,"column":39}},"71":{"start":{"line":136,"column":20},"end":{"line":136,"column":85}},"72":{"start":{"line":139,"column":6},"end":{"line":141,"column":7}},"73":{"start":{"line":140,"column":8},"end":{"line":140,"column":106}},"74":{"start":{"line":143,"column":6},"end":{"line":149,"column":8}},"75":{"start":{"line":152,"column":6},"end":{"line":152,"column":44}},"76":{"start":{"line":153,"column":6},"end":{"line":153,"column":27}},"77":{"start":{"line":155,"column":6},"end":{"line":155,"column":69}},"78":{"start":{"line":158,"column":4},"end":{"line":158,"column":65}},"79":{"start":{"line":160,"column":4},"end":{"line":160,"column":72}},"80":{"start":{"line":165,"column":0},"end":{"line":208,"column":2}},"81":{"start":{"line":166,"column":2},"end":{"line":207,"column":3}},"82":{"start":{"line":167,"column":4},"end":{"line":167,"column":66}},"83":{"start":{"line":169,"column":16},"end":{"line":169,"column":26}},"84":{"start":{"line":170,"column":18},"end":{"line":170,"column":42}},"85":{"start":{"line":173,"column":18},"end":{"line":176,"column":6}},"86":{"start":{"line":178,"column":4},"end":{"line":178,"column":77}},"87":{"start":{"line":181,"column":4},"end":{"line":202,"column":5}},"88":{"start":{"line":183,"column":30},"end":{"line":183,"column":81}},"89":{"start":{"line":184,"column":6},"end":{"line":187,"column":7}},"90":{"start":{"line":185,"column":8},"end":{"line":185,"column":68}},"91":{"start":{"line":186,"column":8},"end":{"line":186,"column":17}},"92":{"start":{"line":190,"column":20},"end":{"line":190,"column":41}},"93":{"start":{"line":191,"column":22},"end":{"line":191,"column":114}},"94":{"start":{"line":193,"column":6},"end":{"line":199,"column":8}},"95":{"start":{"line":201,"column":6},"end":{"line":201,"column":80}},"96":{"start":{"line":204,"column":4},"end":{"line":204,"column":66}},"97":{"start":{"line":206,"column":4},"end":{"line":206,"column":73}}},"fnMap":{"0":{"name":"(anonymous_0)","decl":{"start":{"line":6,"column":37},"end":{"line":6,"column":38}},"loc":{"start":{"line":6,"column":57},"end":{"line":33,"column":1}},"line":6},"1":{"name":"(anonymous_1)","decl":{"start":{"line":36,"column":40},"end":{"line":36,"column":41}},"loc":{"start":{"line":36,"column":60},"end":{"line":87,"column":1}},"line":36},"2":{"name":"(anonymous_2)","decl":{"start":{"line":66,"column":45},"end":{"line":66,"column":46}},"loc":{"start":{"line":66,"column":52},"end":{"line":66,"column":97}},"line":66},"3":{"name":"(anonymous_3)","decl":{"start":{"line":90,"column":39},"end":{"line":90,"column":40}},"loc":{"start":{"line":90,"column":51},"end":{"line":162,"column":1}},"line":90},"4":{"name":"(anonymous_4)","decl":{"start":{"line":165,"column":44},"end":{"line":165,"column":45}},"loc":{"start":{"line":165,"column":56},"end":{"line":208,"column":1}},"line":165}},"branchMap":{"0":{"loc":{"start":{"line":11,"column":4},"end":{"line":13,"column":5}},"type":"if","locations":[{"start":{"line":11,"column":4},"end":{"line":13,"column":5}},{"start":{},"end":{}}],"line":11},"1":{"loc":{"start":{"line":19,"column":4},"end":{"line":22,"column":5}},"type":"if","locations":[{"start":{"line":19,"column":4},"end":{"line":22,"column":5}},{"start":{},"end":{}}],"line":19},"2":{"loc":{"start":{"line":42,"column":4},"end":{"line":44,"column":5}},"type":"if","locations":[{"start":{"line":42,"column":4},"end":{"line":44,"column":5}},{"start":{},"end":{}}],"line":42},"3":{"loc":{"start":{"line":50,"column":4},"end":{"line":52,"column":5}},"type":"if","locations":[{"start":{"line":50,"column":4},"end":{"line":52,"column":5}},{"start":{},"end":{}}],"line":50},"4":{"loc":{"start":{"line":55,"column":4},"end":{"line":55,"column":71}},"type":"if","locations":[{"start":{"line":55,"column":4},"end":{"line":55,"column":71}},{"start":{},"end":{}}],"line":55},"5":{"loc":{"start":{"line":56,"column":4},"end":{"line":63,"column":5}},"type":"if","locations":[{"start":{"line":56,"column":4},"end":{"line":63,"column":5}},{"start":{},"end":{}}],"line":56},"6":{"loc":{"start":{"line":59,"column":6},"end":{"line":61,"column":7}},"type":"if","locations":[{"start":{"line":59,"column":6},"end":{"line":61,"column":7}},{"start":{},"end":{}}],"line":59},"7":{"loc":{"start":{"line":64,"column":4},"end":{"line":71,"column":5}},"type":"if","locations":[{"start":{"line":64,"column":4},"end":{"line":71,"column":5}},{"start":{},"end":{}}],"line":64},"8":{"loc":{"start":{"line":64,"column":8},"end":{"line":64,"column":51}},"type":"binary-expr","locations":[{"start":{"line":64,"column":8},"end":{"line":64,"column":20}},{"start":{"line":64,"column":24},"end":{"line":64,"column":51}}],"line":64},"9":{"loc":{"start":{"line":66,"column":52},"end":{"line":66,"column":97}},"type":"binary-expr","locations":[{"start":{"line":66,"column":52},"end":{"line":66,"column":73}},{"start":{"line":66,"column":77},"end":{"line":66,"column":85}},{"start":{"line":66,"column":89},"end":{"line":66,"column":97}}],"line":66},"10":{"loc":{"start":{"line":67,"column":6},"end":{"line":69,"column":7}},"type":"if","locations":[{"start":{"line":67,"column":6},"end":{"line":69,"column":7}},{"start":{},"end":{}}],"line":67},"11":{"loc":{"start":{"line":115,"column":6},"end":{"line":118,"column":7}},"type":"if","locations":[{"start":{"line":115,"column":6},"end":{"line":118,"column":7}},{"start":{},"end":{}}],"line":115},"12":{"loc":{"start":{"line":115,"column":10},"end":{"line":115,"column":103}},"type":"binary-expr","locations":[{"start":{"line":115,"column":10},"end":{"line":115,"column":34}},{"start":{"line":115,"column":38},"end":{"line":115,"column":103}}],"line":115},"13":{"loc":{"start":{"line":122,"column":6},"end":{"line":125,"column":7}},"type":"if","locations":[{"start":{"line":122,"column":6},"end":{"line":125,"column":7}},{"start":{},"end":{}}],"line":122},"14":{"loc":{"start":{"line":129,"column":6},"end":{"line":132,"column":7}},"type":"if","locations":[{"start":{"line":129,"column":6},"end":{"line":132,"column":7}},{"start":{},"end":{}}],"line":129},"15":{"loc":{"start":{"line":139,"column":6},"end":{"line":141,"column":7}},"type":"if","locations":[{"start":{"line":139,"column":6},"end":{"line":141,"column":7}},{"start":{},"end":{}}],"line":139},"16":{"loc":{"start":{"line":184,"column":6},"end":{"line":187,"column":7}},"type":"if","locations":[{"start":{"line":184,"column":6},"end":{"line":187,"column":7}},{"start":{},"end":{}}],"line":184},"17":{"loc":{"start":{"line":184,"column":10},"end":{"line":184,"column":56}},"type":"binary-expr","locations":[{"start":{"line":184,"column":10},"end":{"line":184,"column":26}},{"start":{"line":184,"column":30},"end":{"line":184,"column":56}}],"line":184}},"s":{"0":0,"1":0,"2":0,"3":0,"4":0,"5":0,"6":0,"7":0,"8":0,"9":0,"10":0,"11":0,"12":0,"13":0,"14":0,"15":0,"16":0,"17":0,"18":0,"19":0,"20":0,"21":0,"22":0,"23":0,"24":0,"25":0,"26":0,"27":0,"28":0,"29":0,"30":0,"31":0,"32":0,"33":0,"34":0,"35":0,"36":0,"37":0,"38":0,"39":0,"40":0,"41":0,"42":0,"43":0,"44":0,"45":0,"46":0,"47":0,"48":0,"49":0,"50":0,"51":0,"52":0,"53":0,"54":0,"55":0,"56":0,"57":0,"58":0,"59":0,"60":0,"61":0,"62":0,"63":0,"64":0,"65":0,"66":0,"67":0,"68":0,"69":0,"70":0,"71":0,"72":0,"73":0,"74":0,"75":0,"76":0,"77":0,"78":0,"79":0,"80":0,"81":0,"82":0,"83":0,"84":0,"85":0,"86":0,"87":0,"88":0,"89":0,"90":0,"91":0,"92":0,"93":0,"94":0,"95":0,"96":0,"97":0},"f":{"0":0,"1":0,"2":0,"3":0,"4":0},"b":{"0":[0,0],"1":[0,0],"2":[0,0],"3":[0,0],"4":[0,0],"5":[0,0],"6":[0,0],"7":[0,0],"8":[0,0],"9":[0,0,0],"10":[0,0],"11":[0,0],"12":[0,0],"13":[0,0],"14":[0,0],"15":[0,0],"16":[0,0],"17":[0,0]}}
[...]
ne":2,"column":15},"end":{"line":2,"column":32}},"2":{"start":{"line":4,"column":19},"end":{"line":4,"column":43}},"3":{"start":{"line":5,"column":15},"end":{"line":5,"column":32}},"4":{"start":{"line":6,"column":30},"end":{"line":6,"column":66}},"5":{"start":{"line":9,"column":0},"end":{"line":13,"column":3}},"6":{"start":{"line":16,"column":16},"end":{"line":23,"column":2}},"7":{"start":{"line":26,"column":15},"end":{"line":26,"column":43}},"8":{"start":{"line":29,"column":0},"end":{"line":29,"column":54}},"9":{"start":{"line":36,"column":0},"end":{"line":97,"column":2}},"10":{"start":{"line":37,"column":2},"end":{"line":96,"column":3}},"11":{"start":{"line":38,"column":23},"end":{"line":38,"column":33}},"12":{"start":{"line":39,"column":42},"end":{"line":39,"column":50}},"13":{"start":{"line":42,"column":4},"end":{"line":44,"column":5}},"14":{"start":{"line":43,"column":6},"end":{"line":43,"column":100}},"15":{"start":{"line":46,"column":17},"end":{"line":46,"column":44}},"16":{"start":{"line":47,"column":4},"end":{"line":49,"column":5}},"17":{"start":{"line":48,"column":6},"end":{"line":48,"column":76}},"18":{"start":{"line":52,"column":4},"end":{"line":58,"column":5}},"19":{"start":{"line":53,"column":28},"end":{"line":53,"column":57}},"20":{"start":{"line":54,"column":6},"end":{"line":56,"column":7}},"21":{"start":{"line":55,"column":8},"end":{"line":55,"column":74}},"22":{"start":{"line":57,"column":6},"end":{"line":57,"column":25}},"23":{"start":{"line":61,"column":4},"end":{"line":61,"column":43}},"24":{"start":{"line":61,"column":18},"end":{"line":61,"column":43}},"25":{"start":{"line":64,"column":4},"end":{"line":73,"column":5}},"26":{"start":{"line":66,"column":6},"end":{"line":69,"column":7}},"27":{"start":{"line":67,"column":25},"end":{"line":67,"column":67}},"28":{"start":{"line":68,"column":8},"end":{"line":68,"column":70}},"29":{"start":{"line":72,"column":6},"end":{"line":72,"column":34}},"30":{"start":{"line":76,"column":4},"end":{"line":79,"column":5}},"31":{"start":{"line":77,"column":19},"end":{"line":77,"column":43}},"32":{"start":{"line":78,"column":6},"end":{"line":78,"column":56}},"33":{"start":{"line":81,"column":4},"end":{"line":81,"column":22}},"34":{"start":{"line":84,"column":20},"end":{"line":84,"column":35}},"35":{"start":{"line":85,"column":4},"end":{"line":85,"column":40}},"36":{"start":{"line":86,"column":4},"end":{"line":86,"column":23}},"37":{"start":{"line":87,"column":4},"end":{"line":87,"column":28}},"38":{"start":{"line":89,"column":4},"end":{"line":92,"column":7}},"39":{"start":{"line":94,"column":4},"end":{"line":94,"column":64}},"40":{"start":{"line":95,"column":4},"end":{"line":95,"column":78}},"41":{"start":{"line":101,"column":0},"end":{"line":189,"column":2}},"42":{"start":{"line":102,"column":2},"end":{"line":188,"column":3}},"43":{"start":{"line":103,"column":23},"end":{"line":103,"column":33}},"44":{"start":{"line":104,"column":44},"end":{"line":104,"column":52}},"45":{"start":{"line":107,"column":4},"end":{"line":112,"column":5}},"46":{"start":{"line":108,"column":6},"end":{"line":111,"column":9}},"47":{"start":{"line":115,"column":17},"end":{"line":115,"column":44}},"48":{"start":{"line":116,"column":4},"end":{"line":121,"column":5}},"49":{"start":{"line":117,"column":6},"end":{"line":120,"column":9}},"50":{"start":{"line":124,"column":21},"end":{"line":124,"column":75}},"51":{"start":{"line":125,"column":4},"end":{"line":130,"column":5}},"52":{"start":{"line":126,"column":6},"end":{"line":129,"column":9}},"53":{"start":{"line":133,"column":22},"end":{"line":133,"column":26}},"54":{"start":{"line":136,"column":4},"end":{"line":145,"column":5}},"55":{"start":{"line":137,"column":21},"end":{"line":137,"column":71}},"56":{"start":{"line":138,"column":6},"end":{"line":143,"column":7}},"57":{"start":{"line":139,"column":8},"end":{"line":142,"column":11}},"58":{"start":{"line":144,"column":6},"end":{"line":144,"column":33}},"59":{"start":{"line":148,"column":34},"end":{"line":150,"column":5}},"60":{"start":{"line":149,"column":14},"end":{"line":149,"column":44}},"61":{"start":{"line":152,"column":4},"end":{"line":169,"column":5}},"62":{"start":{"line":154,"column":6},"end":{"line":157,"column":7}},"63":{"start":{"line":155,"column":8},"end":{"line":155,"column":66}},"64":{"start":{"line":156,"column":8},"end":{"line":156,"column":72}},"65":{"start":{"line":158,"column":6},"end":{"line":158,"column":105}},"66":{"start":{"line":159,"column":6},"end":{"line":159,"column":76}},"67":{"start":{"line":162,"column":6},"end":{"line":168,"column":9}},"68":{"start":{"line":172,"column":4},"end":{"line":172,"column":22}},"69":{"start":{"line":174,"column":4},"end":{"line":180,"column":7}},"70":{"start":{"line":182,"column":4},"end":{"line":182,"column":65}},"71":{"start":{"line":183,"column":4},"end":{"line":187,"column":7}}},"fnMap":{"0":{"name":"(anonymous_0)","decl":{"start":{"line":36,"column":35},"end":{"line":36,"column":36}},"loc":{"start":{"line":36,"column":55},"end":{"line":97,"column":1}},"line":36},"1":{"name":"(anonymous_1)","decl":{"start":{"line":101,"column":36},"end":{"line":101,"column":37}},"loc":{"start":{"line":101,"column":56},"end":{"line":189,"column":1}},"line":101},"2":{"name":"(anonymous_2)","decl":{"start":{"line":149,"column":6},"end":{"line":149,"column":7}},"loc":{"start":{"line":149,"column":14},"end":{"line":149,"column":44}},"line":149}},"branchMap":{"0":{"loc":{"start":{"line":42,"column":4},"end":{"line":44,"column":5}},"type":"if","locations":[{"start":{"line":42,"column":4},"end":{"line":44,"column":5}},{"start":{},"end":{}}],"line":42},"1":{"loc":{"start":{"line":47,"column":4},"end":{"line":49,"column":5}},"type":"if","locations":[{"start":{"line":47,"column":4},"end":{"line":49,"column":5}},{"start":{},"end":{}}],"line":47},"2":{"loc":{"start":{"line":52,"column":4},"end":{"line":58,"column":5}},"type":"if","locations":[{"start":{"line":52,"column":4},"end":{"line":58,"column":5}},{"start":{},"end":{}}],"line":52},"3":{"loc":{"start":{"line":52,"column":8},"end":{"line":52,"column":37}},"type":"binary-expr","locations":[{"start":{"line":52,"column":8},"end":{"line":52,"column":13}},{"start":{"line":52,"column":17},"end":{"line":52,"column":37}}],"line":52},"4":{"loc":{"start":{"line":54,"column":6},"end":{"line":56,"column":7}},"type":"if","locations":[{"start":{"line":54,"column":6},"end":{"line":56,"column":7}},{"start":{},"end":{}}],"line":54},"5":{"loc":{"start":{"line":61,"column":4},"end":{"line":61,"column":43}},"type":"if","locations":[{"start":{"line":61,"column":4},"end":{"line":61,"column":43}},{"start":{},"end":{}}],"line":61},"6":{"loc":{"start":{"line":64,"column":4},"end":{"line":73,"column":5}},"type":"if","locations":[{"start":{"line":64,"column":4},"end":{"line":73,"column":5}},{"start":{},"end":{}}],"line":64},"7":{"loc":{"start":{"line":66,"column":6},"end":{"line":69,"column":7}},"type":"if","locations":[{"start":{"line":66,"column":6},"end":{"line":69,"column":7}},{"start":{},"end":{}}],"line":66},"8":{"loc":{"start":{"line":66,"column":10},"end":{"line":66,"column":59}},"type":"binary-expr","locations":[{"start":{"line":66,"column":10},"end":{"line":66,"column":21}},{"start":{"line":66,"column":25},"end":{"line":66,"column":59}}],"line":66},"9":{"loc":{"start":{"line":76,"column":4},"end":{"line":79,"column":5}},"type":"if","locations":[{"start":{"line":76,"column":4},"end":{"line":79,"column":5}},{"start":{},"end":{}}],"line":76},"10":{"loc":{"start":{"line":107,"column":4},"end":{"line":112,"column":5}},"type":"if","locations":[{"start":{"line":107,"column":4},"end":{"line":112,"column":5}},{"start":{},"end":{}}],"line":107},"11":{"loc":{"start":{"line":116,"column":4},"end":{"line":121,"column":5}},"type":"if","locations":[{"start":{"line":116,"column":4},"end":{"line":121,"column":5}},{"start":{},"end":{}}],"line":116},"12":{"loc":{"start":{"line":125,"column":4},"end":{"line":130,"column":5}},"type":"if","locations":[{"start":{"line":125,"column":4},"end":{"line":130,"column":5}},{"start":{},"end":{}}],"line":125},"13":{"loc":{"start":{"line":136,"column":4},"end":{"line":145,"column":5}},"type":"if","locations":[{"start":{"line":136,"column":4},"end":{"line":145,"column":5}},{"start":{},"end":{}}],"line":136},"14":{"loc":{"start":{"line":138,"column":6},"end":{"line":143,"column":7}},"type":"if","locations":[{"start":{"line":138,"column":6},"end":{"line":143,"column":7}},{"start":{},"end":{}}],"line":138},"15":{"loc":{"start":{"line":152,"column":4},"end":{"line":169,"column":5}},"type":"if","locations":[{"start":{"line":152,"column":4},"end":{"line":169,"column":5}},{"start":{"line":160,"column":11},"end":{"line":169,"column":5}}],"line":152},"16":{"loc":{"start":{"line":154,"column":6},"end":{"line":157,"column":7}},"type":"if","locations":[{"start":{"line":154,"column":6},"end":{"line":157,"column":7}},{"start":{},"end":{}}],"line":154},"17":{"loc":{"start":{"line":158,"column":52},"end":{"line":158,"column":104}},"type":"binary-expr","locations":[{"start":{"line":158,"column":52},"end":{"line":158,"column":57}},{"start":{"line":158,"column":61},"end":{"line":158,"column":104}}],"line":158},"18":{"loc":{"start":{"line":166,"column":21},"end":{"line":166,"column":37}},"type":"binary-expr","locations":[{"start":{"line":166,"column":21},"end":{"line":166,"column":32}},{"start":{"line":166,"column":36},"end":{"line":166,"column":37}}],"line":166},"19":{"loc":{"start":{"line":167,"column":15},"end":{"line":167,"column":25}},"type":"binary-expr","locations":[{"start":{"line":167,"column":15},"end":{"line":167,"column":20}},{"start":{"line":167,"column":24},"end":{"line":167,"column":25}}],"line":167}},"s":{"0":0,"1":0,"2":0,"3":0,"4":0,"5":0,"6":0,"7":0,"8":0,"9":0,"10":0,"11":0,"12":0,"13":0,"14":0,"15":0,"16":0,"17":0,"18":0,"19":0,"20":0,"21":0,"22":0,"23":0,"24":0,"25":0,"26":0,"27":0,"28":0,"29":0,"30":0,"31":0,"32":0,"33":0,"34":0,"35":0,"36":0,"37":0,"38":0,"39":0,"40":0,"41":0,"42":0,"43":0,"44":0,"45":0,"46":0,"47":0,"48":0,"49":0,"50":0,"51":0,"52":0,"53":0,"54":0,"55":0,"56":0,"57":0,"58":0,"59":0,"60":0,"61":0,"62":0,"63":0,"64":0,"65":0,"66":0,"67":0,"68":0,"69":0,"70":0,"71":0},"f":{"0":0,"1":0,"2":0},"b":{"0":[0,0],"1":[0,0],"2":[0,0],"3":[0,0],"4":[0,0],"5":[0,0],"6":[0,0],"7":[0,0],"8":[0,0],"9":[0,0],"10":[0,0],"11":[0,0],"12":[0,0],"13":[0,0],"14":[0,0],"15":[0,0],"16":[0,0],"17":[0,0],"18":[0,0],"19":[0,0]}}
,"D:\\EnglishApp-Backend\\middlewares\\auth\\auth.middleware.js": {"path":"D:\\EnglishApp-Backend\\middlewares\\auth\\auth.middleware.js","statementMap":{"0":{"start":{"line":1,"column":12},"end":{"line":1,"column":35}},"1":{"start":{"line":2,"column":13},"end":{"line":2,"column":52}},"2":{"start":{"line":4,"column":0},"end":{"line":40,"column":2}},"3":{"start":{"line":5,"column":2},"end":{"line":39,"column":3}},"4":{"start":{"line":7,"column":23},"end":{"line":7,"column":48}},"5":{"start":{"line":8,"column":4},"end":{"line":10,"column":5}},"6":{"start":{"line":9,"column":6},"end":{"line":9,"column":80}},"7":{"start":{"line":12,"column":18},"end":{"line":12,"column":42}},"8":{"start":{"line":15,"column":20},"end":{"line":15,"column":61}},"9":{"start":{"line":18,"column":17},"end":{"line":18,"column":48}},"10":{"start":{"line":19,"column":4},"end":{"line":21,"column":5}},"11":{"start":{"line":20,"column":6},"end":{"line":20,"column":75}},"12":{"start":{"line":24,"column":4},"end":{"line":27,"column":6}},"13":{"start":{"line":29,"column":4},"end":{"line":29,"column":11}},"14":{"start":{"line":31,"column":4},"end":{"line":33,"column":5}},"15":{"start":{"line":32,"column":6},"end":{"line":32,"column":69}},"16":{"start":{"line":34,"column":4},"end":{"line":36,"column":5}},"17":{"start":{"line":35,"column":6},"end":{"line":35,"column":67}},"18":{"start":{"line":37,"column":4},"end":{"line":37,"column":42}},"19":{"start":{"line":38,"column":4},"end":{"line":38,"column":68}}},"fnMap":{"0":{"name":"(anonymous_0)","decl":{"start":{"line":4,"column":29},"end":{"line":4,"column":30}},"loc":{"start":{"line":4,"column":55},"end":{"line":40,"column":1}},"line":4}},"branchMap":{"0":{"loc":{"start":{"line":8,"column":4},"end":{"line":10,"column":5}},"type":"if","locations":[{"start":{"line":8,"column":4},"end":{"line":10,"column":5}},{"start":{},"end":{}}],"line":8},"1":{"loc":{"start":{"line":8,"column":8},"end":{"line":8,"column":56}},"type":"binary-expr","locations":[{"start":{"line":8,"column":8},"end":{"line":8,"column":19}},{"start":{"line":8,"column":23},"end":{"line":8,"column":56}}],"line":8},"2":{"loc":{"start":{"line":19,"column":4},"end":{"line":21,"column":5}},"type":"if","locations":[{"start":{"line":19,"column":4},"end":{"line":21,"column":5}},{"start":{},"end":{}}],"line":19},"3":{"loc":{"start":{"line":31,"column":4},"end":{"line":33,"column":5}},"type":"if","locations":[{"start":{"line":31,"column":4},"end":{"line":33,"column":5}},{"start":{},"end":{}}],"line":31},"4":{"loc":{"start":{"line":34,"column":4},"end":{"line":36,"column":5}},"type":"if","locations":[{"start":{"line":34,"column":4},"end":{"line":36,"column":5}},{"start":{},"end":{}}],"line":34}},"s":{"0":1,"1":1,"2":1,"3":3,"4":3,"5":3,"6":1,"7":2,"8":2,"9":1,"10":1,"11":0,"12":1,"13":1,"14":1,"15":1,"16":0,"17":0,"18":0,"19":0},"f":{"0":3},"b":{"0":[1,2],"1":[3,2],"2":[0,1],"3":[1,0],"4":[0,0]},"_coverageSchema":"1a1c01bbd47fc00a2c39e90264f33305004495a9","hash":"3b70d035d6c89327c2e4739a6148884c991e2a48"}
,"D:\\EnglishApp-Backend\\models\\exercise\\exercise.model.js": {"path":"D:\\EnglishApp-Backend\\models\\exercise\\exercise.model.js","statementMap":{"0":{"start":{"line":1,"column":17},"end":{"line":1,"column":36}},"1":{"start":{"line":2,"column":23},"end":{"line":2,"column":57}},"2":{"start":{"line":4,"column":22},"end":{"line":9,"column":1}},"3":{"start":{"line":11,"column":23},"end":{"line":52,"column":3}},"4":{"start":{"line":54,"column":17},"end":{"line":54,"column":60}},"5":{"start":{"line":56,"column":0},"end":{"line":56,"column":26}}},"fnMap":{},"branchMap":{},"s":{"0":1,"1":1,"2":1,"3":1,"4":1,"5":1},"f":{},"b":{},"_coverageSchema":"1a1c01bbd47fc00a2c39e90264f33305004495a9","hash":"b284f59015138aa4d98f8bd5521922bc3a546921"}
,"D:\\EnglishApp-Backend\\models\\exercise\\exercise_option.model.js": {"path":"D:\\EnglishApp-Backend\\models\\exercise\\exercise_option.model.js","statementMap":{"0":{"start":{"line":1,"column":17},"end":{"line":1,"column":36}},"1":{"start":{"line":2,"column":17},"end":{"line":2,"column":44}},"2":{"start":{"line":4,"column":29},"end":{"line":48,"column":2}},"3":{"start":{"line":51,"column":23},"end":{"line":51,"column":79}},"4":{"start":{"line":53,"column":0},"end":{"line":53,"column":32}}},"fnMap":{},"branchMap":{},"s":{"0":1,"1":1,"2":1,"3":1,"4":1},"f":{},"b":{},"_coverageSchema":"1a1c01bbd47fc00a2c39e90264f33305004495a9","hash":"47f065b484134baeb54f50466889830ee89ee1fc"}
,"D:\\EnglishApp-Backend\\models\\language\\language.model.js": {"path":"D:\\EnglishApp-Backend\\models\\language\\language.model.js","statementMap":{"0":{"start":{"line":1,"column":17},"end":{"line":1,"column":36}},"1":{"start":{"line":3,"column":23},"end":{"line":28,"column":2}},"2":{"start":{"line":30,"column":17},"end":{"line":30,"column":60}},"3":{"start":{"line":32,"column":0},"end":{"line":32,"column":26}}},"fnMap":{},"branchMap":{},"s":{"0":0,"1":0,"2":0,"3":0},"f":{},"b":{}}
,"D:\\EnglishApp-Backend\\models\\leaderboard\\leaderboard.model.js": {"path":"D:\\EnglishApp-Backend\\models\\leaderboard\\leaderboard.model.js","statementMap":{"0":{"start":{"line":1,"column":17},"end":{"line":1,"column":36}},"1":{"start":{"line":3,"column":26},"end":{"line":25,"column":2}},"2":{"start":{"line":28,"column":0},"end":{"line":28,"column":90}},"3":{"start":{"line":30,"column":20},"end":{"line":30,"column":69}},"4":{"start":{"line":32,"column":0},"end":{"line":32,"column":29}}},"fnMap":{},"branchMap":{},"s":{"0":0,"1":0,"2":0,"3":0,"4":0},"f":{},"b":{}}
,"D:\\EnglishApp-Backend\\models\\lesson\\lesson.model.js": {"path":"D:\\EnglishApp-Backend\\models\\lesson\\lesson.model.js","statementMap":{"0":{"start":{"line":1,"column":17},"end":{"line":1,"column":36}},"1":{"start":{"line":3,"column":21},"end":{"line":27,"column":2}},"2":{"start":{"line":29,"column":15},"end":{"line":29,"column":54}},"3":{"start":{"line":31,"column":0},"end":{"line":31,"column":24}}},"fnMap":{},"branchMap":{},"s":{"0":0,"1":0,"2":0,"3":0},"f":{},"b":{}}
,"D:\\EnglishApp-Backend\\models\\notification\\notification.model.js": {"path":"D:\\EnglishApp-Backend\\models\\notification\\notification.model.js","statementMap":{"0":{"start":{"line":1,"column":17},"end":{"line":1,"column":36}},"1":{"start":{"line":3,"column":27},"end":{"line":32,"column":2}},"2":{"start":{"line":34,"column":21},"end":{"line":34,"column":72}},"3":{"start":{"line":36,"column":0},"end":{"line":36,"column":30}}},"fnMap":{},"branchMap":{},"s":{"0":0,"1":0,"2":0,"3":0},"f":{},"b":{}}
,"D:\\EnglishApp-Backend\\models\\notification\\reminder_setting.model.js": {"path":"D:\\EnglishApp-Backend\\models\\notification\\reminder_setting.model.js","statementMap":{"0":{"start":{"line":1,"column":17},"end":{"line":1,"column":36}},"1":{"start":{"line":3,"column":30},"end":{"line":28,"column":2}},"2":{"start":{"line":30,"column":24},"end":{"line":30,"column":82}},"3":{"start":{"line":32,"column":0},"end":{"line":32,"column":33}}},"fnMap":{},"branchMap":{},"s":{"0":0,"1":0,"2":0,"3":0},"f":{},"b":{}}
,"D:\\EnglishApp-Backend\\models\\unit\\unit.model.js": {"path":"D:\\EnglishApp-Backend\\models\\unit\\unit.model.js","statementMap":{"0":{"start":{"line":1,"column":17},"end":{"line":1,"column":36}},"1":{"start":{"line":3,"column":19},"end":{"line":22,"column":2}},"2":{"start":{"line":24,"column":13},"end":{"line":24,"column":48}},"3":{"start":{"line":26,"column":0},"end":{"line":26,"column":22}}},"fnMap":{},"branchMap":{},"s":{"0":0,"1":0,"2":0,"3":0},"f":{},"b":{}}
,"D:\\EnglishApp-Backend\\models\\user\\user.model.js": {"path":"D:\\EnglishApp-Backend\\models\\user\\user.model.js","statementMap":{"0":{"start":{"line":1,"column":17},"end":{"line":1,"column":36}},"1":{"start":{"line":5,"column":19},"end":{"line":62,"column":2}},"2":{"start":{"line":64,"column":13},"end":{"line":64,"column":48}},"3":{"start":{"line":66,"column":0},"end":{"line":66,"column":22}}},"fnMap":{},"branchMap":{},"s":{"0":3,"1":3,"2":3,"3":3},"f":{},"b":{},"_coverageSchema":"1a1c01bbd47fc00a2c39e90264f33305004495a9","hash":"fbfc72ca7a7077bcb0591d1e4112c07c9b1c5a1f"}
,"D:\\EnglishApp-Backend\\models\\user\\user_exercise_result.model.js": {"path":"D:\\EnglishApp-Backend\\models\\user\\user_exercise_result.model.js","statementMap":{"0":{"start":{"line":1,"column":17},"end":{"line":1,"column":36}},"1":{"start":{"line":3,"column":33},"end":{"line":38,"column":2}},"2":{"start":{"line":40,"column":27},"end":{"line":40,"column":92}},"3":{"start":{"line":42,"column":0},"end":{"line":42,"column":36}}},"fnMap":{},"branchMap":{},"s":{"0":0,"1":0,"2":0,"3":0},"f":{},"b":{}}
,"D:\\EnglishApp-Backend\\models\\user\\user_lesson_progress.model.js": {"path":"D:\\EnglishApp-Backend\\models\\user\\user_lesson_progress.model.js","statementMap":{"0":{"start":{"line":1,"column":17},"end":{"line":1,"column":36}},"1":{"start":{"line":3,"column":33},"end":{"line":48,"column":2}},"2":{"start":{"line":52,"column":27},"end":{"line":52,"column":91}},"3":{"start":{"line":54,"column":0},"end":{"line":54,"column":36}}},"fnMap":{},"branchMap":{},"s":{"0":0,"1":0,"2":0,"3":0},"f":{},"b":{}}
,"D:\\EnglishApp-Backend\\models\\user\\user_mistake.model.js": {"path":"D:\\EnglishApp-Backend\\models\\user\\user_mistake.model.js","statementMap":{"0":{"start":{"line":1,"column":17},"end":{"line":1,"column":36}},"1":{"start":{"line":3,"column":26},"end":{"line":31,"column":2}},"2":{"start":{"line":33,"column":20},"end":{"line":33,"column":70}},"3":{"start":{"line":35,"column":0},"end":{"line":35,"column":29}}},"fnMap":{},"branchMap":{},"s":{"0":0,"1":0,"2":0,"3":0},"f":{},"b":{}}
}
